{"/Users/lawrence/supernova-retail-app/src/apiMaster.js": {"path":"/Users/lawrence/supernova-retail-app/src/apiMaster.js","statementMap":{"0":{"start":{"line":2,"column":12},"end":{"line":2,"column":34}},"1":{"start":{"line":4,"column":23},"end":{"line":6,"column":1}},"2":{"start":{"line":5,"column":2},"end":{"line":5,"column":38}},"3":{"start":{"line":8,"column":23},"end":{"line":10,"column":1}},"4":{"start":{"line":9,"column":2},"end":{"line":9,"column":44}},"5":{"start":{"line":12,"column":25},"end":{"line":14,"column":1}},"6":{"start":{"line":13,"column":2},"end":{"line":13,"column":51}},"7":{"start":{"line":16,"column":27},"end":{"line":18,"column":1}},"8":{"start":{"line":17,"column":2},"end":{"line":17,"column":52}},"9":{"start":{"line":20,"column":14},"end":{"line":22,"column":1}},"10":{"start":{"line":21,"column":2},"end":{"line":21,"column":38}},"11":{"start":{"line":24,"column":26},"end":{"line":26,"column":1}},"12":{"start":{"line":25,"column":2},"end":{"line":25,"column":48}},"13":{"start":{"line":28,"column":28},"end":{"line":32,"column":1}},"14":{"start":{"line":29,"column":2},"end":{"line":31,"column":4}},"15":{"start":{"line":34,"column":21},"end":{"line":36,"column":1}},"16":{"start":{"line":35,"column":2},"end":{"line":35,"column":56}},"17":{"start":{"line":38,"column":19},"end":{"line":59,"column":1}},"18":{"start":{"line":49,"column":2},"end":{"line":58,"column":5}},"19":{"start":{"line":61,"column":16},"end":{"line":63,"column":1}},"20":{"start":{"line":62,"column":2},"end":{"line":62,"column":47}},"21":{"start":{"line":65,"column":18},"end":{"line":72,"column":1}},"22":{"start":{"line":66,"column":2},"end":{"line":66,"column":26}},"23":{"start":{"line":67,"column":2},"end":{"line":67,"column":22}},"24":{"start":{"line":68,"column":2},"end":{"line":71,"column":5}},"25":{"start":{"line":74,"column":27},"end":{"line":76,"column":1}},"26":{"start":{"line":75,"column":2},"end":{"line":75,"column":54}},"27":{"start":{"line":78,"column":20},"end":{"line":84,"column":1}},"28":{"start":{"line":79,"column":2},"end":{"line":83,"column":5}},"29":{"start":{"line":86,"column":23},"end":{"line":93,"column":1}},"30":{"start":{"line":87,"column":2},"end":{"line":92,"column":5}},"31":{"start":{"line":95,"column":23},"end":{"line":97,"column":1}},"32":{"start":{"line":96,"column":2},"end":{"line":96,"column":63}},"33":{"start":{"line":99,"column":23},"end":{"line":101,"column":1}},"34":{"start":{"line":100,"column":2},"end":{"line":100,"column":62}},"35":{"start":{"line":103,"column":25},"end":{"line":105,"column":1}},"36":{"start":{"line":104,"column":2},"end":{"line":104,"column":59}},"37":{"start":{"line":107,"column":18},"end":{"line":109,"column":1}},"38":{"start":{"line":108,"column":2},"end":{"line":108,"column":58}},"39":{"start":{"line":111,"column":18},"end":{"line":130,"column":1}}},"fnMap":{"0":{"name":"(anonymous_0)","decl":{"start":{"line":4,"column":23},"end":{"line":4,"column":24}},"loc":{"start":{"line":4,"column":29},"end":{"line":6,"column":1}},"line":4},"1":{"name":"(anonymous_1)","decl":{"start":{"line":8,"column":23},"end":{"line":8,"column":24}},"loc":{"start":{"line":8,"column":35},"end":{"line":10,"column":1}},"line":8},"2":{"name":"(anonymous_2)","decl":{"start":{"line":12,"column":25},"end":{"line":12,"column":26}},"loc":{"start":{"line":12,"column":37},"end":{"line":14,"column":1}},"line":12},"3":{"name":"(anonymous_3)","decl":{"start":{"line":16,"column":27},"end":{"line":16,"column":28}},"loc":{"start":{"line":16,"column":39},"end":{"line":18,"column":1}},"line":16},"4":{"name":"(anonymous_4)","decl":{"start":{"line":20,"column":14},"end":{"line":20,"column":15}},"loc":{"start":{"line":20,"column":26},"end":{"line":22,"column":1}},"line":20},"5":{"name":"(anonymous_5)","decl":{"start":{"line":24,"column":26},"end":{"line":24,"column":27}},"loc":{"start":{"line":24,"column":38},"end":{"line":26,"column":1}},"line":24},"6":{"name":"(anonymous_6)","decl":{"start":{"line":28,"column":28},"end":{"line":28,"column":29}},"loc":{"start":{"line":28,"column":77},"end":{"line":32,"column":1}},"line":28},"7":{"name":"(anonymous_7)","decl":{"start":{"line":34,"column":21},"end":{"line":34,"column":22}},"loc":{"start":{"line":34,"column":35},"end":{"line":36,"column":1}},"line":34},"8":{"name":"(anonymous_8)","decl":{"start":{"line":38,"column":19},"end":{"line":38,"column":20}},"loc":{"start":{"line":48,"column":5},"end":{"line":59,"column":1}},"line":48},"9":{"name":"(anonymous_9)","decl":{"start":{"line":61,"column":16},"end":{"line":61,"column":17}},"loc":{"start":{"line":61,"column":31},"end":{"line":63,"column":1}},"line":61},"10":{"name":"(anonymous_10)","decl":{"start":{"line":65,"column":18},"end":{"line":65,"column":19}},"loc":{"start":{"line":65,"column":42},"end":{"line":72,"column":1}},"line":65},"11":{"name":"(anonymous_11)","decl":{"start":{"line":74,"column":27},"end":{"line":74,"column":28}},"loc":{"start":{"line":74,"column":43},"end":{"line":76,"column":1}},"line":74},"12":{"name":"(anonymous_12)","decl":{"start":{"line":78,"column":20},"end":{"line":78,"column":21}},"loc":{"start":{"line":78,"column":47},"end":{"line":84,"column":1}},"line":78},"13":{"name":"(anonymous_13)","decl":{"start":{"line":86,"column":23},"end":{"line":86,"column":24}},"loc":{"start":{"line":86,"column":71},"end":{"line":93,"column":1}},"line":86},"14":{"name":"(anonymous_14)","decl":{"start":{"line":95,"column":23},"end":{"line":95,"column":24}},"loc":{"start":{"line":95,"column":39},"end":{"line":97,"column":1}},"line":95},"15":{"name":"(anonymous_15)","decl":{"start":{"line":99,"column":23},"end":{"line":99,"column":24}},"loc":{"start":{"line":99,"column":39},"end":{"line":101,"column":1}},"line":99},"16":{"name":"(anonymous_16)","decl":{"start":{"line":103,"column":25},"end":{"line":103,"column":26}},"loc":{"start":{"line":103,"column":39},"end":{"line":105,"column":1}},"line":103},"17":{"name":"(anonymous_17)","decl":{"start":{"line":107,"column":18},"end":{"line":107,"column":19}},"loc":{"start":{"line":107,"column":32},"end":{"line":109,"column":1}},"line":107}},"branchMap":{"0":{"loc":{"start":{"line":8,"column":24},"end":{"line":8,"column":30}},"type":"default-arg","locations":[{"start":{"line":8,"column":29},"end":{"line":8,"column":30}}],"line":8},"1":{"loc":{"start":{"line":12,"column":26},"end":{"line":12,"column":32}},"type":"default-arg","locations":[{"start":{"line":12,"column":31},"end":{"line":12,"column":32}}],"line":12},"2":{"loc":{"start":{"line":16,"column":28},"end":{"line":16,"column":34}},"type":"default-arg","locations":[{"start":{"line":16,"column":33},"end":{"line":16,"column":34}}],"line":16},"3":{"loc":{"start":{"line":20,"column":15},"end":{"line":20,"column":21}},"type":"default-arg","locations":[{"start":{"line":20,"column":20},"end":{"line":20,"column":21}}],"line":20},"4":{"loc":{"start":{"line":24,"column":27},"end":{"line":24,"column":33}},"type":"default-arg","locations":[{"start":{"line":24,"column":32},"end":{"line":24,"column":33}}],"line":24},"5":{"loc":{"start":{"line":28,"column":29},"end":{"line":28,"column":35}},"type":"default-arg","locations":[{"start":{"line":28,"column":34},"end":{"line":28,"column":35}}],"line":28},"6":{"loc":{"start":{"line":28,"column":37},"end":{"line":28,"column":60}},"type":"default-arg","locations":[{"start":{"line":28,"column":50},"end":{"line":28,"column":60}}],"line":28},"7":{"loc":{"start":{"line":28,"column":62},"end":{"line":28,"column":72}},"type":"default-arg","locations":[{"start":{"line":28,"column":70},"end":{"line":28,"column":72}}],"line":28},"8":{"loc":{"start":{"line":39,"column":2},"end":{"line":39,"column":8}},"type":"default-arg","locations":[{"start":{"line":39,"column":7},"end":{"line":39,"column":8}}],"line":39},"9":{"loc":{"start":{"line":86,"column":55},"end":{"line":86,"column":66}},"type":"default-arg","locations":[{"start":{"line":86,"column":64},"end":{"line":86,"column":66}}],"line":86}},"s":{"0":9,"1":9,"2":0,"3":9,"4":0,"5":9,"6":1,"7":9,"8":0,"9":9,"10":0,"11":9,"12":0,"13":9,"14":0,"15":9,"16":0,"17":9,"18":0,"19":9,"20":0,"21":9,"22":0,"23":0,"24":0,"25":9,"26":0,"27":9,"28":0,"29":9,"30":0,"31":9,"32":0,"33":9,"34":0,"35":9,"36":0,"37":9,"38":0,"39":9},"f":{"0":0,"1":0,"2":1,"3":0,"4":0,"5":0,"6":0,"7":0,"8":0,"9":0,"10":0,"11":0,"12":0,"13":0,"14":0,"15":0,"16":0,"17":0},"b":{"0":[0],"1":[1],"2":[0],"3":[0],"4":[0],"5":[0],"6":[0],"7":[0],"8":[0],"9":[0]},"_coverageSchema":"1a1c01bbd47fc00a2c39e90264f33305004495a9","hash":"8191dc42c90eac6225adf1747e786ff85345e888"}
,"/Users/lawrence/supernova-retail-app/src/components/product-detail/photoContainer.js": {"path":"/Users/lawrence/supernova-retail-app/src/components/product-detail/photoContainer.js","statementMap":{"0":{"start":{"line":12,"column":4},"end":{"line":12,"column":17}},"1":{"start":{"line":13,"column":4},"end":{"line":23,"column":6}},"2":{"start":{"line":25,"column":4},"end":{"line":25,"column":65}},"3":{"start":{"line":26,"column":4},"end":{"line":26,"column":69}},"4":{"start":{"line":27,"column":4},"end":{"line":27,"column":71}},"5":{"start":{"line":28,"column":4},"end":{"line":28,"column":69}},"6":{"start":{"line":29,"column":4},"end":{"line":29,"column":73}},"7":{"start":{"line":30,"column":4},"end":{"line":30,"column":59}},"8":{"start":{"line":31,"column":4},"end":{"line":31,"column":77}},"9":{"start":{"line":35,"column":4},"end":{"line":43,"column":5}},"10":{"start":{"line":36,"column":6},"end":{"line":40,"column":9}},"11":{"start":{"line":42,"column":6},"end":{"line":42,"column":32}},"12":{"start":{"line":47,"column":4},"end":{"line":55,"column":5}},"13":{"start":{"line":48,"column":6},"end":{"line":50,"column":9}},"14":{"start":{"line":52,"column":6},"end":{"line":54,"column":9}},"15":{"start":{"line":59,"column":4},"end":{"line":70,"column":5}},"16":{"start":{"line":63,"column":6},"end":{"line":65,"column":9}},"17":{"start":{"line":67,"column":6},"end":{"line":69,"column":9}},"18":{"start":{"line":74,"column":24},"end":{"line":74,"column":26}},"19":{"start":{"line":75,"column":26},"end":{"line":75,"column":28}},"20":{"start":{"line":78,"column":4},"end":{"line":102,"column":5}},"21":{"start":{"line":79,"column":6},"end":{"line":81,"column":8}},"22":{"start":{"line":80,"column":8},"end":{"line":80,"column":42}},"23":{"start":{"line":83,"column":6},"end":{"line":83,"column":58}},"24":{"start":{"line":85,"column":6},"end":{"line":101,"column":7}},"25":{"start":{"line":86,"column":8},"end":{"line":89,"column":10}},"26":{"start":{"line":91,"column":8},"end":{"line":95,"column":11}},"27":{"start":{"line":97,"column":8},"end":{"line":100,"column":11}},"28":{"start":{"line":106,"column":24},"end":{"line":106,"column":26}},"29":{"start":{"line":107,"column":26},"end":{"line":107,"column":28}},"30":{"start":{"line":110,"column":4},"end":{"line":133,"column":5}},"31":{"start":{"line":111,"column":6},"end":{"line":113,"column":8}},"32":{"start":{"line":112,"column":8},"end":{"line":112,"column":42}},"33":{"start":{"line":115,"column":6},"end":{"line":115,"column":58}},"34":{"start":{"line":117,"column":6},"end":{"line":132,"column":7}},"35":{"start":{"line":118,"column":8},"end":{"line":121,"column":10}},"36":{"start":{"line":123,"column":8},"end":{"line":126,"column":11}},"37":{"start":{"line":128,"column":8},"end":{"line":131,"column":11}},"38":{"start":{"line":137,"column":4},"end":{"line":151,"column":6}},"39":{"start":{"line":143,"column":8},"end":{"line":147,"column":9}},"40":{"start":{"line":144,"column":10},"end":{"line":146,"column":13}},"41":{"start":{"line":149,"column":8},"end":{"line":149,"column":32}},"42":{"start":{"line":155,"column":4},"end":{"line":169,"column":6}},"43":{"start":{"line":161,"column":8},"end":{"line":165,"column":9}},"44":{"start":{"line":162,"column":10},"end":{"line":164,"column":13}},"45":{"start":{"line":167,"column":8},"end":{"line":167,"column":32}},"46":{"start":{"line":173,"column":4},"end":{"line":175,"column":7}},"47":{"start":{"line":179,"column":4},"end":{"line":187,"column":5}},"48":{"start":{"line":180,"column":6},"end":{"line":182,"column":9}},"49":{"start":{"line":184,"column":6},"end":{"line":186,"column":9}},"50":{"start":{"line":188,"column":4},"end":{"line":188,"column":47}},"51":{"start":{"line":192,"column":4},"end":{"line":200,"column":5}},"52":{"start":{"line":193,"column":6},"end":{"line":195,"column":9}},"53":{"start":{"line":196,"column":11},"end":{"line":200,"column":5}},"54":{"start":{"line":197,"column":6},"end":{"line":199,"column":9}},"55":{"start":{"line":204,"column":4},"end":{"line":224,"column":5}},"56":{"start":{"line":205,"column":6},"end":{"line":223,"column":9}},"57":{"start":{"line":228,"column":4},"end":{"line":321,"column":6}},"58":{"start":{"line":256,"column":32},"end":{"line":256,"column":55}},"59":{"start":{"line":257,"column":28},"end":{"line":257,"column":50}},"60":{"start":{"line":264,"column":16},"end":{"line":274,"column":22}},"61":{"start":{"line":269,"column":33},"end":{"line":269,"column":62}},"62":{"start":{"line":280,"column":30},"end":{"line":280,"column":66}},"63":{"start":{"line":287,"column":30},"end":{"line":287,"column":62}},"64":{"start":{"line":294,"column":30},"end":{"line":294,"column":63}},"65":{"start":{"line":304,"column":32},"end":{"line":304,"column":64}},"66":{"start":{"line":315,"column":32},"end":{"line":315,"column":66}}},"fnMap":{"0":{"name":"(anonymous_0)","decl":{"start":{"line":11,"column":2},"end":{"line":11,"column":3}},"loc":{"start":{"line":11,"column":21},"end":{"line":32,"column":3}},"line":11},"1":{"name":"(anonymous_1)","decl":{"start":{"line":34,"column":2},"end":{"line":34,"column":3}},"loc":{"start":{"line":34,"column":32},"end":{"line":44,"column":3}},"line":34},"2":{"name":"(anonymous_2)","decl":{"start":{"line":46,"column":2},"end":{"line":46,"column":3}},"loc":{"start":{"line":46,"column":25},"end":{"line":56,"column":3}},"line":46},"3":{"name":"(anonymous_3)","decl":{"start":{"line":58,"column":2},"end":{"line":58,"column":3}},"loc":{"start":{"line":58,"column":26},"end":{"line":71,"column":3}},"line":58},"4":{"name":"(anonymous_4)","decl":{"start":{"line":73,"column":2},"end":{"line":73,"column":3}},"loc":{"start":{"line":73,"column":23},"end":{"line":103,"column":3}},"line":73},"5":{"name":"(anonymous_5)","decl":{"start":{"line":79,"column":42},"end":{"line":79,"column":43}},"loc":{"start":{"line":80,"column":8},"end":{"line":80,"column":42}},"line":80},"6":{"name":"(anonymous_6)","decl":{"start":{"line":105,"column":2},"end":{"line":105,"column":3}},"loc":{"start":{"line":105,"column":21},"end":{"line":134,"column":3}},"line":105},"7":{"name":"(anonymous_7)","decl":{"start":{"line":111,"column":42},"end":{"line":111,"column":43}},"loc":{"start":{"line":112,"column":8},"end":{"line":112,"column":42}},"line":112},"8":{"name":"(anonymous_8)","decl":{"start":{"line":136,"column":2},"end":{"line":136,"column":3}},"loc":{"start":{"line":136,"column":25},"end":{"line":152,"column":3}},"line":136},"9":{"name":"(anonymous_9)","decl":{"start":{"line":142,"column":6},"end":{"line":142,"column":7}},"loc":{"start":{"line":142,"column":12},"end":{"line":150,"column":7}},"line":142},"10":{"name":"(anonymous_10)","decl":{"start":{"line":154,"column":2},"end":{"line":154,"column":3}},"loc":{"start":{"line":154,"column":27},"end":{"line":170,"column":3}},"line":154},"11":{"name":"(anonymous_11)","decl":{"start":{"line":160,"column":6},"end":{"line":160,"column":7}},"loc":{"start":{"line":160,"column":12},"end":{"line":168,"column":7}},"line":160},"12":{"name":"(anonymous_12)","decl":{"start":{"line":172,"column":2},"end":{"line":172,"column":3}},"loc":{"start":{"line":172,"column":25},"end":{"line":176,"column":3}},"line":172},"13":{"name":"(anonymous_13)","decl":{"start":{"line":178,"column":2},"end":{"line":178,"column":3}},"loc":{"start":{"line":178,"column":29},"end":{"line":189,"column":3}},"line":178},"14":{"name":"(anonymous_14)","decl":{"start":{"line":191,"column":2},"end":{"line":191,"column":3}},"loc":{"start":{"line":191,"column":19},"end":{"line":201,"column":3}},"line":191},"15":{"name":"(anonymous_15)","decl":{"start":{"line":203,"column":2},"end":{"line":203,"column":3}},"loc":{"start":{"line":203,"column":21},"end":{"line":225,"column":3}},"line":203},"16":{"name":"(anonymous_16)","decl":{"start":{"line":227,"column":2},"end":{"line":227,"column":3}},"loc":{"start":{"line":227,"column":11},"end":{"line":322,"column":3}},"line":227},"17":{"name":"(anonymous_17)","decl":{"start":{"line":256,"column":25},"end":{"line":256,"column":26}},"loc":{"start":{"line":256,"column":32},"end":{"line":256,"column":55}},"line":256},"18":{"name":"(anonymous_18)","decl":{"start":{"line":257,"column":21},"end":{"line":257,"column":22}},"loc":{"start":{"line":257,"column":28},"end":{"line":257,"column":50}},"line":257},"19":{"name":"(anonymous_19)","decl":{"start":{"line":263,"column":47},"end":{"line":263,"column":48}},"loc":{"start":{"line":264,"column":16},"end":{"line":274,"column":22}},"line":264},"20":{"name":"(anonymous_20)","decl":{"start":{"line":269,"column":27},"end":{"line":269,"column":28}},"loc":{"start":{"line":269,"column":33},"end":{"line":269,"column":62}},"line":269},"21":{"name":"(anonymous_21)","decl":{"start":{"line":280,"column":19},"end":{"line":280,"column":20}},"loc":{"start":{"line":280,"column":30},"end":{"line":280,"column":66}},"line":280},"22":{"name":"(anonymous_22)","decl":{"start":{"line":287,"column":19},"end":{"line":287,"column":20}},"loc":{"start":{"line":287,"column":30},"end":{"line":287,"column":62}},"line":287},"23":{"name":"(anonymous_23)","decl":{"start":{"line":294,"column":19},"end":{"line":294,"column":20}},"loc":{"start":{"line":294,"column":30},"end":{"line":294,"column":63}},"line":294},"24":{"name":"(anonymous_24)","decl":{"start":{"line":304,"column":21},"end":{"line":304,"column":22}},"loc":{"start":{"line":304,"column":32},"end":{"line":304,"column":64}},"line":304},"25":{"name":"(anonymous_25)","decl":{"start":{"line":315,"column":21},"end":{"line":315,"column":22}},"loc":{"start":{"line":315,"column":32},"end":{"line":315,"column":66}},"line":315}},"branchMap":{"0":{"loc":{"start":{"line":35,"column":4},"end":{"line":43,"column":5}},"type":"if","locations":[{"start":{"line":35,"column":4},"end":{"line":43,"column":5}},{"start":{"line":35,"column":4},"end":{"line":43,"column":5}}],"line":35},"1":{"loc":{"start":{"line":47,"column":4},"end":{"line":55,"column":5}},"type":"if","locations":[{"start":{"line":47,"column":4},"end":{"line":55,"column":5}},{"start":{"line":47,"column":4},"end":{"line":55,"column":5}}],"line":47},"2":{"loc":{"start":{"line":59,"column":4},"end":{"line":70,"column":5}},"type":"if","locations":[{"start":{"line":59,"column":4},"end":{"line":70,"column":5}},{"start":{"line":59,"column":4},"end":{"line":70,"column":5}}],"line":59},"3":{"loc":{"start":{"line":78,"column":4},"end":{"line":102,"column":5}},"type":"if","locations":[{"start":{"line":78,"column":4},"end":{"line":102,"column":5}},{"start":{"line":78,"column":4},"end":{"line":102,"column":5}}],"line":78},"4":{"loc":{"start":{"line":85,"column":6},"end":{"line":101,"column":7}},"type":"if","locations":[{"start":{"line":85,"column":6},"end":{"line":101,"column":7}},{"start":{"line":85,"column":6},"end":{"line":101,"column":7}}],"line":85},"5":{"loc":{"start":{"line":110,"column":4},"end":{"line":133,"column":5}},"type":"if","locations":[{"start":{"line":110,"column":4},"end":{"line":133,"column":5}},{"start":{"line":110,"column":4},"end":{"line":133,"column":5}}],"line":110},"6":{"loc":{"start":{"line":117,"column":6},"end":{"line":132,"column":7}},"type":"if","locations":[{"start":{"line":117,"column":6},"end":{"line":132,"column":7}},{"start":{"line":117,"column":6},"end":{"line":132,"column":7}}],"line":117},"7":{"loc":{"start":{"line":143,"column":8},"end":{"line":147,"column":9}},"type":"if","locations":[{"start":{"line":143,"column":8},"end":{"line":147,"column":9}},{"start":{"line":143,"column":8},"end":{"line":147,"column":9}}],"line":143},"8":{"loc":{"start":{"line":161,"column":8},"end":{"line":165,"column":9}},"type":"if","locations":[{"start":{"line":161,"column":8},"end":{"line":165,"column":9}},{"start":{"line":161,"column":8},"end":{"line":165,"column":9}}],"line":161},"9":{"loc":{"start":{"line":179,"column":4},"end":{"line":187,"column":5}},"type":"if","locations":[{"start":{"line":179,"column":4},"end":{"line":187,"column":5}},{"start":{"line":179,"column":4},"end":{"line":187,"column":5}}],"line":179},"10":{"loc":{"start":{"line":192,"column":4},"end":{"line":200,"column":5}},"type":"if","locations":[{"start":{"line":192,"column":4},"end":{"line":200,"column":5}},{"start":{"line":192,"column":4},"end":{"line":200,"column":5}}],"line":192},"11":{"loc":{"start":{"line":196,"column":11},"end":{"line":200,"column":5}},"type":"if","locations":[{"start":{"line":196,"column":11},"end":{"line":200,"column":5}},{"start":{"line":196,"column":11},"end":{"line":200,"column":5}}],"line":196},"12":{"loc":{"start":{"line":204,"column":4},"end":{"line":224,"column":5}},"type":"if","locations":[{"start":{"line":204,"column":4},"end":{"line":224,"column":5}},{"start":{"line":204,"column":4},"end":{"line":224,"column":5}}],"line":204},"13":{"loc":{"start":{"line":233,"column":9},"end":{"line":259,"column":16}},"type":"cond-expr","locations":[{"start":{"line":234,"column":10},"end":{"line":258,"column":17}},{"start":{"line":259,"column":12},"end":{"line":259,"column":16}}],"line":233},"14":{"loc":{"start":{"line":240,"column":14},"end":{"line":254,"column":22}},"type":"cond-expr","locations":[{"start":{"line":242,"column":18},"end":{"line":253,"column":19}},{"start":{"line":254,"column":18},"end":{"line":254,"column":22}}],"line":240},"15":{"loc":{"start":{"line":240,"column":14},"end":{"line":241,"column":41}},"type":"binary-expr","locations":[{"start":{"line":240,"column":14},"end":{"line":240,"column":71}},{"start":{"line":241,"column":14},"end":{"line":241,"column":41}}],"line":240},"16":{"loc":{"start":{"line":261,"column":11},"end":{"line":276,"column":18}},"type":"cond-expr","locations":[{"start":{"line":263,"column":14},"end":{"line":275,"column":16}},{"start":{"line":276,"column":14},"end":{"line":276,"column":18}}],"line":261},"17":{"loc":{"start":{"line":261,"column":11},"end":{"line":262,"column":51}},"type":"binary-expr","locations":[{"start":{"line":261,"column":11},"end":{"line":261,"column":45}},{"start":{"line":262,"column":10},"end":{"line":262,"column":51}}],"line":261},"18":{"loc":{"start":{"line":271,"column":19},"end":{"line":273,"column":26}},"type":"cond-expr","locations":[{"start":{"line":272,"column":20},"end":{"line":272,"column":57}},{"start":{"line":273,"column":22},"end":{"line":273,"column":26}}],"line":271},"19":{"loc":{"start":{"line":298,"column":9},"end":{"line":308,"column":16}},"type":"cond-expr","locations":[{"start":{"line":301,"column":10},"end":{"line":307,"column":17}},{"start":{"line":308,"column":12},"end":{"line":308,"column":16}}],"line":298},"20":{"loc":{"start":{"line":298,"column":9},"end":{"line":300,"column":39}},"type":"binary-expr","locations":[{"start":{"line":298,"column":9},"end":{"line":298,"column":46}},{"start":{"line":299,"column":8},"end":{"line":299,"column":50}},{"start":{"line":300,"column":8},"end":{"line":300,"column":39}}],"line":298},"21":{"loc":{"start":{"line":309,"column":9},"end":{"line":319,"column":16}},"type":"cond-expr","locations":[{"start":{"line":312,"column":10},"end":{"line":318,"column":17}},{"start":{"line":319,"column":12},"end":{"line":319,"column":16}}],"line":309},"22":{"loc":{"start":{"line":309,"column":9},"end":{"line":311,"column":41}},"type":"binary-expr","locations":[{"start":{"line":309,"column":9},"end":{"line":309,"column":46}},{"start":{"line":310,"column":8},"end":{"line":310,"column":50}},{"start":{"line":311,"column":8},"end":{"line":311,"column":41}}],"line":309}},"s":{"0":2,"1":2,"2":2,"3":2,"4":2,"5":2,"6":2,"7":2,"8":2,"9":0,"10":0,"11":0,"12":0,"13":0,"14":0,"15":0,"16":0,"17":0,"18":0,"19":0,"20":0,"21":0,"22":0,"23":0,"24":0,"25":0,"26":0,"27":0,"28":0,"29":0,"30":0,"31":0,"32":0,"33":0,"34":0,"35":0,"36":0,"37":0,"38":0,"39":0,"40":0,"41":0,"42":0,"43":0,"44":0,"45":0,"46":0,"47":0,"48":0,"49":0,"50":0,"51":0,"52":0,"53":0,"54":0,"55":0,"56":0,"57":2,"58":0,"59":0,"60":0,"61":0,"62":0,"63":0,"64":0,"65":0,"66":0},"f":{"0":2,"1":0,"2":0,"3":0,"4":0,"5":0,"6":0,"7":0,"8":0,"9":0,"10":0,"11":0,"12":0,"13":0,"14":0,"15":0,"16":2,"17":0,"18":0,"19":0,"20":0,"21":0,"22":0,"23":0,"24":0,"25":0},"b":{"0":[0,0],"1":[0,0],"2":[0,0],"3":[0,0],"4":[0,0],"5":[0,0],"6":[0,0],"7":[0,0],"8":[0,0],"9":[0,0],"10":[0,0],"11":[0,0],"12":[0,0],"13":[0,2],"14":[0,0],"15":[0,0],"16":[2,0],"17":[2,2],"18":[0,0],"19":[0,2],"20":[2,0,0],"21":[0,2],"22":[2,0,0]},"_coverageSchema":"1a1c01bbd47fc00a2c39e90264f33305004495a9","hash":"7379fdeabb3b2313e1b1e53ef282cb23f4f0a6a1"}
,"/Users/lawrence/supernova-retail-app/src/components/product-detail/productDetail.js": {"path":"/Users/lawrence/supernova-retail-app/src/components/product-detail/productDetail.js","statementMap":{"0":{"start":{"line":11,"column":4},"end":{"line":11,"column":17}},"1":{"start":{"line":12,"column":4},"end":{"line":16,"column":6}},"2":{"start":{"line":18,"column":4},"end":{"line":20,"column":6}},"3":{"start":{"line":21,"column":4},"end":{"line":21,"column":67}},"4":{"start":{"line":25,"column":4},"end":{"line":37,"column":5}},"5":{"start":{"line":26,"column":6},"end":{"line":36,"column":11}},"6":{"start":{"line":29,"column":10},"end":{"line":32,"column":13}},"7":{"start":{"line":35,"column":10},"end":{"line":35,"column":27}},"8":{"start":{"line":41,"column":4},"end":{"line":51,"column":9}},"9":{"start":{"line":44,"column":8},"end":{"line":47,"column":11}},"10":{"start":{"line":50,"column":8},"end":{"line":50,"column":25}},"11":{"start":{"line":55,"column":4},"end":{"line":63,"column":5}},"12":{"start":{"line":56,"column":6},"end":{"line":58,"column":9}},"13":{"start":{"line":60,"column":6},"end":{"line":62,"column":9}},"14":{"start":{"line":67,"column":4},"end":{"line":69,"column":7}},"15":{"start":{"line":73,"column":4},"end":{"line":122,"column":6}},"16":{"start":{"line":109,"column":18},"end":{"line":116,"column":20}}},"fnMap":{"0":{"name":"(anonymous_0)","decl":{"start":{"line":10,"column":2},"end":{"line":10,"column":3}},"loc":{"start":{"line":10,"column":21},"end":{"line":22,"column":3}},"line":10},"1":{"name":"(anonymous_1)","decl":{"start":{"line":24,"column":2},"end":{"line":24,"column":3}},"loc":{"start":{"line":24,"column":32},"end":{"line":38,"column":3}},"line":24},"2":{"name":"(anonymous_2)","decl":{"start":{"line":28,"column":14},"end":{"line":28,"column":15}},"loc":{"start":{"line":28,"column":28},"end":{"line":33,"column":9}},"line":28},"3":{"name":"(anonymous_3)","decl":{"start":{"line":34,"column":15},"end":{"line":34,"column":16}},"loc":{"start":{"line":34,"column":24},"end":{"line":36,"column":9}},"line":34},"4":{"name":"(anonymous_4)","decl":{"start":{"line":40,"column":2},"end":{"line":40,"column":3}},"loc":{"start":{"line":40,"column":22},"end":{"line":52,"column":3}},"line":40},"5":{"name":"(anonymous_5)","decl":{"start":{"line":43,"column":12},"end":{"line":43,"column":13}},"loc":{"start":{"line":43,"column":26},"end":{"line":48,"column":7}},"line":43},"6":{"name":"(anonymous_6)","decl":{"start":{"line":49,"column":13},"end":{"line":49,"column":14}},"loc":{"start":{"line":49,"column":22},"end":{"line":51,"column":7}},"line":49},"7":{"name":"(anonymous_7)","decl":{"start":{"line":54,"column":2},"end":{"line":54,"column":3}},"loc":{"start":{"line":54,"column":34},"end":{"line":64,"column":3}},"line":54},"8":{"name":"(anonymous_8)","decl":{"start":{"line":66,"column":2},"end":{"line":66,"column":3}},"loc":{"start":{"line":66,"column":29},"end":{"line":70,"column":3}},"line":66},"9":{"name":"(anonymous_9)","decl":{"start":{"line":72,"column":2},"end":{"line":72,"column":3}},"loc":{"start":{"line":72,"column":11},"end":{"line":123,"column":3}},"line":72},"10":{"name":"(anonymous_10)","decl":{"start":{"line":108,"column":48},"end":{"line":108,"column":49}},"loc":{"start":{"line":108,"column":58},"end":{"line":117,"column":17}},"line":108}},"branchMap":{"0":{"loc":{"start":{"line":25,"column":4},"end":{"line":37,"column":5}},"type":"if","locations":[{"start":{"line":25,"column":4},"end":{"line":37,"column":5}},{"start":{"line":25,"column":4},"end":{"line":37,"column":5}}],"line":25},"1":{"loc":{"start":{"line":55,"column":4},"end":{"line":63,"column":5}},"type":"if","locations":[{"start":{"line":55,"column":4},"end":{"line":63,"column":5}},{"start":{"line":55,"column":4},"end":{"line":63,"column":5}}],"line":55},"2":{"loc":{"start":{"line":94,"column":17},"end":{"line":96,"column":24}},"type":"cond-expr","locations":[{"start":{"line":95,"column":20},"end":{"line":95,"column":45}},{"start":{"line":96,"column":20},"end":{"line":96,"column":24}}],"line":94},"3":{"loc":{"start":{"line":100,"column":15},"end":{"line":102,"column":22}},"type":"cond-expr","locations":[{"start":{"line":101,"column":18},"end":{"line":101,"column":48}},{"start":{"line":102,"column":18},"end":{"line":102,"column":22}}],"line":100},"4":{"loc":{"start":{"line":106,"column":13},"end":{"line":118,"column":20}},"type":"cond-expr","locations":[{"start":{"line":108,"column":16},"end":{"line":117,"column":18}},{"start":{"line":118,"column":16},"end":{"line":118,"column":20}}],"line":106},"5":{"loc":{"start":{"line":106,"column":13},"end":{"line":107,"column":52}},"type":"binary-expr","locations":[{"start":{"line":106,"column":13},"end":{"line":106,"column":44}},{"start":{"line":107,"column":12},"end":{"line":107,"column":52}}],"line":106}},"s":{"0":1,"1":1,"2":1,"3":1,"4":0,"5":0,"6":0,"7":0,"8":1,"9":0,"10":0,"11":0,"12":0,"13":0,"14":0,"15":1,"16":0},"f":{"0":1,"1":0,"2":0,"3":0,"4":1,"5":0,"6":0,"7":0,"8":0,"9":1,"10":0},"b":{"0":[0,0],"1":[0,0],"2":[0,1],"3":[0,1],"4":[0,1],"5":[1,0]},"_coverageSchema":"1a1c01bbd47fc00a2c39e90264f33305004495a9","hash":"17323e8c0a44cd6e9ab2eb4cf1957b5e28adcfc5"}
,"/Users/lawrence/supernova-retail-app/src/components/product-detail/textContainer.js": {"path":"/Users/lawrence/supernova-retail-app/src/components/product-detail/textContainer.js","statementMap":{"0":{"start":{"line":13,"column":4},"end":{"line":13,"column":17}},"1":{"start":{"line":14,"column":4},"end":{"line":24,"column":6}},"2":{"start":{"line":26,"column":4},"end":{"line":26,"column":57}},"3":{"start":{"line":27,"column":4},"end":{"line":27,"column":57}},"4":{"start":{"line":31,"column":4},"end":{"line":42,"column":5}},"5":{"start":{"line":32,"column":6},"end":{"line":41,"column":11}},"6":{"start":{"line":35,"column":10},"end":{"line":37,"column":13}},"7":{"start":{"line":40,"column":10},"end":{"line":40,"column":29}},"8":{"start":{"line":46,"column":4},"end":{"line":70,"column":5}},"9":{"start":{"line":50,"column":6},"end":{"line":65,"column":11}},"10":{"start":{"line":53,"column":10},"end":{"line":56,"column":13}},"11":{"start":{"line":57,"column":10},"end":{"line":61,"column":12}},"12":{"start":{"line":59,"column":14},"end":{"line":59,"column":78}},"13":{"start":{"line":64,"column":10},"end":{"line":64,"column":27}},"14":{"start":{"line":67,"column":6},"end":{"line":69,"column":9}},"15":{"start":{"line":74,"column":4},"end":{"line":84,"column":5}},"16":{"start":{"line":75,"column":6},"end":{"line":78,"column":9}},"17":{"start":{"line":80,"column":6},"end":{"line":83,"column":9}},"18":{"start":{"line":88,"column":4},"end":{"line":96,"column":5}},"19":{"start":{"line":89,"column":6},"end":{"line":91,"column":9}},"20":{"start":{"line":92,"column":11},"end":{"line":96,"column":5}},"21":{"start":{"line":93,"column":6},"end":{"line":95,"column":9}},"22":{"start":{"line":98,"column":4},"end":{"line":101,"column":7}},"23":{"start":{"line":103,"column":4},"end":{"line":112,"column":5}},"24":{"start":{"line":107,"column":6},"end":{"line":111,"column":9}},"25":{"start":{"line":116,"column":4},"end":{"line":119,"column":7}},"26":{"start":{"line":123,"column":4},"end":{"line":273,"column":6}},"27":{"start":{"line":169,"column":16},"end":{"line":184,"column":22}},"28":{"start":{"line":174,"column":33},"end":{"line":174,"column":70}},"29":{"start":{"line":199,"column":40},"end":{"line":199,"column":62}},"30":{"start":{"line":207,"column":20},"end":{"line":209,"column":24}},"31":{"start":{"line":207,"column":52},"end":{"line":207,"column":74}},"32":{"start":{"line":225,"column":48},"end":{"line":225,"column":74}},"33":{"start":{"line":239,"column":20},"end":{"line":246,"column":28}},"34":{"start":{"line":242,"column":44},"end":{"line":242,"column":70}},"35":{"start":{"line":255,"column":30},"end":{"line":255,"column":56}},"36":{"start":{"line":265,"column":30},"end":{"line":265,"column":56}}},"fnMap":{"0":{"name":"(anonymous_0)","decl":{"start":{"line":12,"column":2},"end":{"line":12,"column":3}},"loc":{"start":{"line":12,"column":21},"end":{"line":28,"column":3}},"line":12},"1":{"name":"(anonymous_1)","decl":{"start":{"line":30,"column":2},"end":{"line":30,"column":3}},"loc":{"start":{"line":30,"column":32},"end":{"line":43,"column":3}},"line":30},"2":{"name":"(anonymous_2)","decl":{"start":{"line":34,"column":14},"end":{"line":34,"column":15}},"loc":{"start":{"line":34,"column":28},"end":{"line":38,"column":9}},"line":34},"3":{"name":"(anonymous_3)","decl":{"start":{"line":39,"column":15},"end":{"line":39,"column":16}},"loc":{"start":{"line":39,"column":24},"end":{"line":41,"column":9}},"line":39},"4":{"name":"(anonymous_4)","decl":{"start":{"line":45,"column":2},"end":{"line":45,"column":3}},"loc":{"start":{"line":45,"column":19},"end":{"line":71,"column":3}},"line":45},"5":{"name":"(anonymous_5)","decl":{"start":{"line":52,"column":14},"end":{"line":52,"column":15}},"loc":{"start":{"line":52,"column":20},"end":{"line":62,"column":9}},"line":52},"6":{"name":"(anonymous_6)","decl":{"start":{"line":58,"column":12},"end":{"line":58,"column":13}},"loc":{"start":{"line":59,"column":14},"end":{"line":59,"column":78}},"line":59},"7":{"name":"(anonymous_7)","decl":{"start":{"line":63,"column":15},"end":{"line":63,"column":16}},"loc":{"start":{"line":63,"column":24},"end":{"line":65,"column":9}},"line":63},"8":{"name":"(anonymous_8)","decl":{"start":{"line":73,"column":2},"end":{"line":73,"column":3}},"loc":{"start":{"line":73,"column":19},"end":{"line":85,"column":3}},"line":73},"9":{"name":"(anonymous_9)","decl":{"start":{"line":87,"column":2},"end":{"line":87,"column":3}},"loc":{"start":{"line":87,"column":20},"end":{"line":113,"column":3}},"line":87},"10":{"name":"(anonymous_10)","decl":{"start":{"line":115,"column":2},"end":{"line":115,"column":3}},"loc":{"start":{"line":115,"column":24},"end":{"line":120,"column":3}},"line":115},"11":{"name":"(anonymous_11)","decl":{"start":{"line":122,"column":2},"end":{"line":122,"column":3}},"loc":{"start":{"line":122,"column":11},"end":{"line":274,"column":3}},"line":122},"12":{"name":"(anonymous_12)","decl":{"start":{"line":168,"column":36},"end":{"line":168,"column":37}},"loc":{"start":{"line":169,"column":16},"end":{"line":184,"column":22}},"line":169},"13":{"name":"(anonymous_13)","decl":{"start":{"line":174,"column":27},"end":{"line":174,"column":28}},"loc":{"start":{"line":174,"column":33},"end":{"line":174,"column":70}},"line":174},"14":{"name":"(anonymous_14)","decl":{"start":{"line":199,"column":29},"end":{"line":199,"column":30}},"loc":{"start":{"line":199,"column":40},"end":{"line":199,"column":62}},"line":199},"15":{"name":"(anonymous_15)","decl":{"start":{"line":206,"column":65},"end":{"line":206,"column":66}},"loc":{"start":{"line":207,"column":20},"end":{"line":209,"column":24}},"line":207},"16":{"name":"(anonymous_16)","decl":{"start":{"line":207,"column":41},"end":{"line":207,"column":42}},"loc":{"start":{"line":207,"column":52},"end":{"line":207,"column":74}},"line":207},"17":{"name":"(anonymous_17)","decl":{"start":{"line":225,"column":37},"end":{"line":225,"column":38}},"loc":{"start":{"line":225,"column":48},"end":{"line":225,"column":74}},"line":225},"18":{"name":"(anonymous_18)","decl":{"start":{"line":238,"column":24},"end":{"line":238,"column":25}},"loc":{"start":{"line":239,"column":20},"end":{"line":246,"column":28}},"line":239},"19":{"name":"(anonymous_19)","decl":{"start":{"line":242,"column":33},"end":{"line":242,"column":34}},"loc":{"start":{"line":242,"column":44},"end":{"line":242,"column":70}},"line":242},"20":{"name":"(anonymous_20)","decl":{"start":{"line":255,"column":19},"end":{"line":255,"column":20}},"loc":{"start":{"line":255,"column":30},"end":{"line":255,"column":56}},"line":255},"21":{"name":"(anonymous_21)","decl":{"start":{"line":265,"column":19},"end":{"line":265,"column":20}},"loc":{"start":{"line":265,"column":30},"end":{"line":265,"column":56}},"line":265}},"branchMap":{"0":{"loc":{"start":{"line":31,"column":4},"end":{"line":42,"column":5}},"type":"if","locations":[{"start":{"line":31,"column":4},"end":{"line":42,"column":5}},{"start":{"line":31,"column":4},"end":{"line":42,"column":5}}],"line":31},"1":{"loc":{"start":{"line":46,"column":4},"end":{"line":70,"column":5}},"type":"if","locations":[{"start":{"line":46,"column":4},"end":{"line":70,"column":5}},{"start":{"line":46,"column":4},"end":{"line":70,"column":5}}],"line":46},"2":{"loc":{"start":{"line":47,"column":6},"end":{"line":48,"column":50}},"type":"binary-expr","locations":[{"start":{"line":47,"column":6},"end":{"line":47,"column":56}},{"start":{"line":48,"column":6},"end":{"line":48,"column":50}}],"line":47},"3":{"loc":{"start":{"line":74,"column":4},"end":{"line":84,"column":5}},"type":"if","locations":[{"start":{"line":74,"column":4},"end":{"line":84,"column":5}},{"start":{"line":74,"column":4},"end":{"line":84,"column":5}}],"line":74},"4":{"loc":{"start":{"line":88,"column":4},"end":{"line":96,"column":5}},"type":"if","locations":[{"start":{"line":88,"column":4},"end":{"line":96,"column":5}},{"start":{"line":88,"column":4},"end":{"line":96,"column":5}}],"line":88},"5":{"loc":{"start":{"line":92,"column":11},"end":{"line":96,"column":5}},"type":"if","locations":[{"start":{"line":92,"column":11},"end":{"line":96,"column":5}},{"start":{"line":92,"column":11},"end":{"line":96,"column":5}}],"line":92},"6":{"loc":{"start":{"line":103,"column":4},"end":{"line":112,"column":5}},"type":"if","locations":[{"start":{"line":103,"column":4},"end":{"line":112,"column":5}},{"start":{"line":103,"column":4},"end":{"line":112,"column":5}}],"line":103},"7":{"loc":{"start":{"line":133,"column":11},"end":{"line":133,"column":79}},"type":"cond-expr","locations":[{"start":{"line":133,"column":45},"end":{"line":133,"column":72}},{"start":{"line":133,"column":75},"end":{"line":133,"column":79}}],"line":133},"8":{"loc":{"start":{"line":136,"column":11},"end":{"line":136,"column":75}},"type":"cond-expr","locations":[{"start":{"line":136,"column":45},"end":{"line":136,"column":68}},{"start":{"line":136,"column":71},"end":{"line":136,"column":75}}],"line":136},"9":{"loc":{"start":{"line":138,"column":9},"end":{"line":153,"column":16}},"type":"cond-expr","locations":[{"start":{"line":139,"column":10},"end":{"line":152,"column":16}},{"start":{"line":153,"column":12},"end":{"line":153,"column":16}}],"line":138},"10":{"loc":{"start":{"line":140,"column":13},"end":{"line":151,"column":13}},"type":"cond-expr","locations":[{"start":{"line":143,"column":14},"end":{"line":148,"column":21}},{"start":{"line":150,"column":14},"end":{"line":150,"column":69}}],"line":140},"11":{"loc":{"start":{"line":140,"column":13},"end":{"line":142,"column":53}},"type":"binary-expr","locations":[{"start":{"line":140,"column":13},"end":{"line":140,"column":53}},{"start":{"line":141,"column":12},"end":{"line":142,"column":53}}],"line":140},"12":{"loc":{"start":{"line":156,"column":12},"end":{"line":158,"column":38}},"type":"cond-expr","locations":[{"start":{"line":157,"column":16},"end":{"line":157,"column":38}},{"start":{"line":158,"column":16},"end":{"line":158,"column":38}}],"line":156},"13":{"loc":{"start":{"line":163,"column":13},"end":{"line":165,"column":20}},"type":"cond-expr","locations":[{"start":{"line":164,"column":14},"end":{"line":164,"column":59}},{"start":{"line":165,"column":16},"end":{"line":165,"column":20}}],"line":163},"14":{"loc":{"start":{"line":167,"column":11},"end":{"line":186,"column":18}},"type":"cond-expr","locations":[{"start":{"line":168,"column":14},"end":{"line":185,"column":16}},{"start":{"line":186,"column":14},"end":{"line":186,"column":18}}],"line":167},"15":{"loc":{"start":{"line":167,"column":11},"end":{"line":167,"column":69}},"type":"binary-expr","locations":[{"start":{"line":167,"column":11},"end":{"line":167,"column":35}},{"start":{"line":167,"column":39},"end":{"line":167,"column":69}}],"line":167},"16":{"loc":{"start":{"line":176,"column":19},"end":{"line":183,"column":26}},"type":"cond-expr","locations":[{"start":{"line":177,"column":20},"end":{"line":182,"column":27}},{"start":{"line":183,"column":22},"end":{"line":183,"column":26}}],"line":176},"17":{"loc":{"start":{"line":195,"column":15},"end":{"line":204,"column":22}},"type":"cond-expr","locations":[{"start":{"line":196,"column":16},"end":{"line":203,"column":24}},{"start":{"line":204,"column":18},"end":{"line":204,"column":22}}],"line":195},"18":{"loc":{"start":{"line":196,"column":16},"end":{"line":203,"column":24}},"type":"cond-expr","locations":[{"start":{"line":197,"column":18},"end":{"line":202,"column":22}},{"start":{"line":203,"column":20},"end":{"line":203,"column":24}}],"line":196},"19":{"loc":{"start":{"line":205,"column":15},"end":{"line":211,"column":22}},"type":"cond-expr","locations":[{"start":{"line":206,"column":18},"end":{"line":210,"column":20}},{"start":{"line":211,"column":18},"end":{"line":211,"column":22}}],"line":205},"20":{"loc":{"start":{"line":222,"column":15},"end":{"line":229,"column":22}},"type":"cond-expr","locations":[{"start":{"line":224,"column":16},"end":{"line":228,"column":24}},{"start":{"line":229,"column":18},"end":{"line":229,"column":22}}],"line":222},"21":{"loc":{"start":{"line":222,"column":15},"end":{"line":223,"column":64}},"type":"binary-expr","locations":[{"start":{"line":222,"column":15},"end":{"line":222,"column":52}},{"start":{"line":223,"column":14},"end":{"line":223,"column":64}}],"line":222},"22":{"loc":{"start":{"line":224,"column":16},"end":{"line":228,"column":24}},"type":"cond-expr","locations":[{"start":{"line":225,"column":18},"end":{"line":227,"column":22}},{"start":{"line":228,"column":20},"end":{"line":228,"column":24}}],"line":224},"23":{"loc":{"start":{"line":230,"column":15},"end":{"line":248,"column":22}},"type":"cond-expr","locations":[{"start":{"line":232,"column":18},"end":{"line":247,"column":19}},{"start":{"line":248,"column":18},"end":{"line":248,"column":22}}],"line":230},"24":{"loc":{"start":{"line":230,"column":15},"end":{"line":231,"column":64}},"type":"binary-expr","locations":[{"start":{"line":230,"column":15},"end":{"line":230,"column":52}},{"start":{"line":231,"column":14},"end":{"line":231,"column":64}}],"line":230},"25":{"loc":{"start":{"line":239,"column":20},"end":{"line":246,"column":28}},"type":"cond-expr","locations":[{"start":{"line":240,"column":22},"end":{"line":245,"column":26}},{"start":{"line":246,"column":24},"end":{"line":246,"column":28}}],"line":239}},"s":{"0":2,"1":2,"2":2,"3":2,"4":0,"5":0,"6":0,"7":0,"8":0,"9":0,"10":0,"11":0,"12":0,"13":0,"14":0,"15":0,"16":0,"17":0,"18":0,"19":0,"20":0,"21":0,"22":0,"23":0,"24":0,"25":0,"26":2,"27":0,"28":0,"29":0,"30":0,"31":0,"32":0,"33":0,"34":0,"35":0,"36":0},"f":{"0":2,"1":0,"2":0,"3":0,"4":0,"5":0,"6":0,"7":0,"8":0,"9":0,"10":0,"11":2,"12":0,"13":0,"14":0,"15":0,"16":0,"17":0,"18":0,"19":0,"20":0,"21":0},"b":{"0":[0,0],"1":[0,0],"2":[0,0],"3":[0,0],"4":[0,0],"5":[0,0],"6":[0,0],"7":[0,2],"8":[0,2],"9":[0,2],"10":[0,0],"11":[0,0],"12":[1,0],"13":[0,1],"14":[1,0],"15":[1,1],"16":[0,0],"17":[0,1],"18":[0,0],"19":[0,1],"20":[0,1],"21":[1,0],"22":[0,0],"23":[0,1],"24":[1,0],"25":[0,0]},"_coverageSchema":"1a1c01bbd47fc00a2c39e90264f33305004495a9","hash":"d96768715c9f7afd3d549be9be1f0bb9dcfc12d9"}
,"/Users/lawrence/supernova-retail-app/src/components/questions-and-answers/addAnswerModal.js": {"path":"/Users/lawrence/supernova-retail-app/src/components/questions-and-answers/addAnswerModal.js","statementMap":{"0":{"start":{"line":11,"column":23},"end":{"line":108,"column":1}},"1":{"start":{"line":12,"column":45},"end":{"line":12,"column":54}},"2":{"start":{"line":13,"column":26},"end":{"line":13,"column":46}},"3":{"start":{"line":14,"column":38},"end":{"line":14,"column":69}},"4":{"start":{"line":15,"column":24},"end":{"line":15,"column":52}},"5":{"start":{"line":16,"column":30},"end":{"line":16,"column":42}},"6":{"start":{"line":18,"column":19},"end":{"line":26,"column":3}},"7":{"start":{"line":19,"column":4},"end":{"line":25,"column":40}},"8":{"start":{"line":22,"column":8},"end":{"line":22,"column":23}},"9":{"start":{"line":23,"column":8},"end":{"line":23,"column":27}},"10":{"start":{"line":25,"column":22},"end":{"line":25,"column":38}},"11":{"start":{"line":28,"column":2},"end":{"line":107,"column":4}},"12":{"start":{"line":35,"column":8},"end":{"line":35,"column":23}},"13":{"start":{"line":36,"column":8},"end":{"line":36,"column":27}}},"fnMap":{"0":{"name":"(anonymous_0)","decl":{"start":{"line":11,"column":23},"end":{"line":11,"column":24}},"loc":{"start":{"line":11,"column":34},"end":{"line":108,"column":1}},"line":11},"1":{"name":"(anonymous_1)","decl":{"start":{"line":18,"column":19},"end":{"line":18,"column":20}},"loc":{"start":{"line":18,"column":29},"end":{"line":26,"column":3}},"line":18},"2":{"name":"(anonymous_2)","decl":{"start":{"line":21,"column":12},"end":{"line":21,"column":13}},"loc":{"start":{"line":21,"column":18},"end":{"line":24,"column":7}},"line":21},"3":{"name":"(anonymous_3)","decl":{"start":{"line":25,"column":13},"end":{"line":25,"column":14}},"loc":{"start":{"line":25,"column":22},"end":{"line":25,"column":38}},"line":25},"4":{"name":"(anonymous_4)","decl":{"start":{"line":34,"column":14},"end":{"line":34,"column":15}},"loc":{"start":{"line":34,"column":20},"end":{"line":37,"column":7}},"line":34}},"branchMap":{"0":{"loc":{"start":{"line":62,"column":15},"end":{"line":62,"column":78}},"type":"binary-expr","locations":[{"start":{"line":62,"column":15},"end":{"line":62,"column":26}},{"start":{"line":62,"column":30},"end":{"line":62,"column":78}}],"line":62},"1":{"loc":{"start":{"line":78,"column":15},"end":{"line":80,"column":15}},"type":"binary-expr","locations":[{"start":{"line":78,"column":15},"end":{"line":78,"column":27}},{"start":{"line":79,"column":16},"end":{"line":79,"column":65}}],"line":78},"2":{"loc":{"start":{"line":94,"column":15},"end":{"line":96,"column":15}},"type":"binary-expr","locations":[{"start":{"line":94,"column":15},"end":{"line":94,"column":26}},{"start":{"line":95,"column":16},"end":{"line":95,"column":66}}],"line":94}},"s":{"0":1,"1":0,"2":0,"3":0,"4":0,"5":0,"6":0,"7":0,"8":0,"9":0,"10":0,"11":0,"12":0,"13":0},"f":{"0":0,"1":0,"2":0,"3":0,"4":0},"b":{"0":[0,0],"1":[0,0],"2":[0,0]},"_coverageSchema":"1a1c01bbd47fc00a2c39e90264f33305004495a9","hash":"c6f648d571a8a8dccedc644ca25ccf87de105fb7"}
,"/Users/lawrence/supernova-retail-app/src/components/questions-and-answers/answer.js": {"path":"/Users/lawrence/supernova-retail-app/src/components/questions-and-answers/answer.js","statementMap":{"0":{"start":{"line":9,"column":15},"end":{"line":97,"column":1}},"1":{"start":{"line":10,"column":31},"end":{"line":10,"column":43}},"2":{"start":{"line":11,"column":36},"end":{"line":11,"column":47}},"3":{"start":{"line":12,"column":34},"end":{"line":12,"column":49}},"4":{"start":{"line":13,"column":42},"end":{"line":13,"column":57}},"5":{"start":{"line":15,"column":2},"end":{"line":23,"column":9}},"6":{"start":{"line":16,"column":4},"end":{"line":22,"column":40}},"7":{"start":{"line":19,"column":8},"end":{"line":19,"column":32}},"8":{"start":{"line":20,"column":8},"end":{"line":20,"column":55}},"9":{"start":{"line":20,"column":37},"end":{"line":20,"column":55}},"10":{"start":{"line":22,"column":22},"end":{"line":22,"column":38}},"11":{"start":{"line":25,"column":2},"end":{"line":96,"column":4}},"12":{"start":{"line":29,"column":21},"end":{"line":29,"column":63}},"13":{"start":{"line":31,"column":10},"end":{"line":33,"column":42}},"14":{"start":{"line":35,"column":10},"end":{"line":55,"column":12}},"15":{"start":{"line":39,"column":16},"end":{"line":45,"column":18}},"16":{"start":{"line":65,"column":14},"end":{"line":65,"column":33}},"17":{"start":{"line":66,"column":14},"end":{"line":66,"column":36}},"18":{"start":{"line":67,"column":14},"end":{"line":67,"column":43}},"19":{"start":{"line":84,"column":14},"end":{"line":84,"column":32}},"20":{"start":{"line":85,"column":14},"end":{"line":85,"column":37}},"21":{"start":{"line":86,"column":14},"end":{"line":86,"column":30}}},"fnMap":{"0":{"name":"(anonymous_0)","decl":{"start":{"line":9,"column":15},"end":{"line":9,"column":16}},"loc":{"start":{"line":9,"column":26},"end":{"line":97,"column":1}},"line":9},"1":{"name":"(anonymous_1)","decl":{"start":{"line":15,"column":12},"end":{"line":15,"column":13}},"loc":{"start":{"line":15,"column":18},"end":{"line":23,"column":3}},"line":15},"2":{"name":"(anonymous_2)","decl":{"start":{"line":18,"column":12},"end":{"line":18,"column":13}},"loc":{"start":{"line":18,"column":26},"end":{"line":21,"column":7}},"line":18},"3":{"name":"(anonymous_3)","decl":{"start":{"line":22,"column":13},"end":{"line":22,"column":14}},"loc":{"start":{"line":22,"column":22},"end":{"line":22,"column":38}},"line":22},"4":{"name":"(anonymous_4)","decl":{"start":{"line":28,"column":41},"end":{"line":28,"column":42}},"loc":{"start":{"line":28,"column":53},"end":{"line":56,"column":9}},"line":28},"5":{"name":"(anonymous_5)","decl":{"start":{"line":38,"column":33},"end":{"line":38,"column":34}},"loc":{"start":{"line":38,"column":44},"end":{"line":46,"column":15}},"line":38},"6":{"name":"(anonymous_6)","decl":{"start":{"line":64,"column":21},"end":{"line":64,"column":22}},"loc":{"start":{"line":64,"column":27},"end":{"line":68,"column":13}},"line":64},"7":{"name":"(anonymous_7)","decl":{"start":{"line":83,"column":21},"end":{"line":83,"column":22}},"loc":{"start":{"line":83,"column":27},"end":{"line":87,"column":13}},"line":83}},"branchMap":{"0":{"loc":{"start":{"line":20,"column":8},"end":{"line":20,"column":55}},"type":"if","locations":[{"start":{"line":20,"column":8},"end":{"line":20,"column":55}},{"start":{"line":20,"column":8},"end":{"line":20,"column":55}}],"line":20},"1":{"loc":{"start":{"line":31,"column":10},"end":{"line":33,"column":41}},"type":"cond-expr","locations":[{"start":{"line":32,"column":15},"end":{"line":32,"column":49}},{"start":{"line":33,"column":15},"end":{"line":33,"column":40}}],"line":31},"2":{"loc":{"start":{"line":58,"column":7},"end":{"line":75,"column":7}},"type":"cond-expr","locations":[{"start":{"line":59,"column":8},"end":{"line":72,"column":20}},{"start":{"line":74,"column":8},"end":{"line":74,"column":10}}],"line":58},"3":{"loc":{"start":{"line":77,"column":7},"end":{"line":94,"column":7}},"type":"cond-expr","locations":[{"start":{"line":78,"column":8},"end":{"line":91,"column":20}},{"start":{"line":93,"column":8},"end":{"line":93,"column":10}}],"line":77}},"s":{"0":2,"1":0,"2":0,"3":0,"4":0,"5":0,"6":0,"7":0,"8":0,"9":0,"10":0,"11":0,"12":0,"13":0,"14":0,"15":0,"16":0,"17":0,"18":0,"19":0,"20":0,"21":0},"f":{"0":0,"1":0,"2":0,"3":0,"4":0,"5":0,"6":0,"7":0},"b":{"0":[0,0],"1":[0,0],"2":[0,0],"3":[0,0]},"_coverageSchema":"1a1c01bbd47fc00a2c39e90264f33305004495a9","hash":"e4dc1100e0b0e409b2768c0b98f1c8f9979d62c3"}
,"/Users/lawrence/supernova-retail-app/src/components/questions-and-answers/moreQuestions.js": {"path":"/Users/lawrence/supernova-retail-app/src/components/questions-and-answers/moreQuestions.js","statementMap":{"0":{"start":{"line":7,"column":22},"end":{"line":30,"column":1}},"1":{"start":{"line":8,"column":16},"end":{"line":8,"column":56}},"2":{"start":{"line":9,"column":42},"end":{"line":9,"column":76}},"3":{"start":{"line":10,"column":32},"end":{"line":10,"column":46}},"4":{"start":{"line":11,"column":2},"end":{"line":29,"column":3}},"5":{"start":{"line":12,"column":4},"end":{"line":12,"column":17}},"6":{"start":{"line":14,"column":4},"end":{"line":28,"column":6}},"7":{"start":{"line":20,"column":12},"end":{"line":20,"column":37}},"8":{"start":{"line":21,"column":12},"end":{"line":21,"column":30}}},"fnMap":{"0":{"name":"(anonymous_0)","decl":{"start":{"line":7,"column":22},"end":{"line":7,"column":23}},"loc":{"start":{"line":7,"column":33},"end":{"line":30,"column":1}},"line":7},"1":{"name":"(anonymous_1)","decl":{"start":{"line":19,"column":19},"end":{"line":19,"column":20}},"loc":{"start":{"line":19,"column":25},"end":{"line":22,"column":11}},"line":19}},"branchMap":{"0":{"loc":{"start":{"line":11,"column":2},"end":{"line":29,"column":3}},"type":"if","locations":[{"start":{"line":11,"column":2},"end":{"line":29,"column":3}},{"start":{"line":11,"column":2},"end":{"line":29,"column":3}}],"line":11},"1":{"loc":{"start":{"line":23,"column":28},"end":{"line":23,"column":55}},"type":"cond-expr","locations":[{"start":{"line":23,"column":38},"end":{"line":23,"column":46}},{"start":{"line":23,"column":49},"end":{"line":23,"column":55}}],"line":23}},"s":{"0":1,"1":0,"2":0,"3":0,"4":0,"5":0,"6":0,"7":0,"8":0},"f":{"0":0,"1":0},"b":{"0":[0,0],"1":[0,0]},"_coverageSchema":"1a1c01bbd47fc00a2c39e90264f33305004495a9","hash":"e4e108a06201936b7d88b74387d09488baa0ebb4"}
,"/Users/lawrence/supernova-retail-app/src/components/questions-and-answers/qa-atoms.js": {"path":"/Users/lawrence/supernova-retail-app/src/components/questions-and-answers/qa-atoms.js","statementMap":{"0":{"start":{"line":3,"column":27},"end":{"line":6,"column":2}},"1":{"start":{"line":8,"column":26},"end":{"line":11,"column":2}},"2":{"start":{"line":13,"column":24},"end":{"line":16,"column":2}},"3":{"start":{"line":18,"column":23},"end":{"line":21,"column":2}},"4":{"start":{"line":23,"column":20},"end":{"line":26,"column":2}},"5":{"start":{"line":28,"column":21},"end":{"line":31,"column":2}},"6":{"start":{"line":33,"column":24},"end":{"line":44,"column":2}},"7":{"start":{"line":36,"column":19},"end":{"line":36,"column":42}},"8":{"start":{"line":38,"column":4},"end":{"line":42,"column":5}},"9":{"start":{"line":39,"column":6},"end":{"line":39,"column":18}},"10":{"start":{"line":41,"column":6},"end":{"line":41,"column":19}}},"fnMap":{"0":{"name":"(anonymous_0)","decl":{"start":{"line":35,"column":7},"end":{"line":35,"column":8}},"loc":{"start":{"line":35,"column":20},"end":{"line":43,"column":3}},"line":35}},"branchMap":{"0":{"loc":{"start":{"line":38,"column":4},"end":{"line":42,"column":5}},"type":"if","locations":[{"start":{"line":38,"column":4},"end":{"line":42,"column":5}},{"start":{"line":38,"column":4},"end":{"line":42,"column":5}}],"line":38}},"s":{"0":3,"1":3,"2":3,"3":3,"4":3,"5":3,"6":3,"7":0,"8":0,"9":0,"10":0},"f":{"0":0},"b":{"0":[0,0]},"_coverageSchema":"1a1c01bbd47fc00a2c39e90264f33305004495a9","hash":"2076941745f09846056cb2e13dee4cb21389ce95"}
,"/Users/lawrence/supernova-retail-app/src/components/questions-and-answers/questionDisplay.js": {"path":"/Users/lawrence/supernova-retail-app/src/components/questions-and-answers/questionDisplay.js","statementMap":{"0":{"start":{"line":16,"column":24},"end":{"line":102,"column":1}},"1":{"start":{"line":17,"column":36},"end":{"line":17,"column":69}},"2":{"start":{"line":18,"column":42},"end":{"line":18,"column":76}},"3":{"start":{"line":19,"column":38},"end":{"line":19,"column":69}},"4":{"start":{"line":20,"column":30},"end":{"line":20,"column":57}},"5":{"start":{"line":21,"column":21},"end":{"line":21,"column":52}},"6":{"start":{"line":22,"column":20},"end":{"line":22,"column":48}},"7":{"start":{"line":24,"column":2},"end":{"line":34,"column":24}},"8":{"start":{"line":25,"column":4},"end":{"line":33,"column":40}},"9":{"start":{"line":28,"column":8},"end":{"line":30,"column":10}},"10":{"start":{"line":29,"column":10},"end":{"line":29,"column":66}},"11":{"start":{"line":31,"column":8},"end":{"line":31,"column":35}},"12":{"start":{"line":33,"column":22},"end":{"line":33,"column":38}},"13":{"start":{"line":36,"column":2},"end":{"line":101,"column":3}},"14":{"start":{"line":37,"column":4},"end":{"line":67,"column":6}},"15":{"start":{"line":40,"column":10},"end":{"line":64,"column":11}},"16":{"start":{"line":41,"column":12},"end":{"line":63,"column":14}},"17":{"start":{"line":51,"column":24},"end":{"line":51,"column":53}},"18":{"start":{"line":52,"column":24},"end":{"line":52,"column":60}},"19":{"start":{"line":53,"column":24},"end":{"line":53,"column":42}},"20":{"start":{"line":69,"column":4},"end":{"line":100,"column":6}},"21":{"start":{"line":72,"column":10},"end":{"line":97,"column":12}},"22":{"start":{"line":85,"column":22},"end":{"line":85,"column":51}},"23":{"start":{"line":86,"column":22},"end":{"line":86,"column":58}},"24":{"start":{"line":87,"column":22},"end":{"line":87,"column":40}}},"fnMap":{"0":{"name":"(anonymous_0)","decl":{"start":{"line":16,"column":24},"end":{"line":16,"column":25}},"loc":{"start":{"line":16,"column":35},"end":{"line":102,"column":1}},"line":16},"1":{"name":"(anonymous_1)","decl":{"start":{"line":24,"column":12},"end":{"line":24,"column":13}},"loc":{"start":{"line":24,"column":18},"end":{"line":34,"column":3}},"line":24},"2":{"name":"(anonymous_2)","decl":{"start":{"line":27,"column":12},"end":{"line":27,"column":13}},"loc":{"start":{"line":27,"column":26},"end":{"line":32,"column":7}},"line":27},"3":{"name":"(anonymous_3)","decl":{"start":{"line":28,"column":26},"end":{"line":28,"column":27}},"loc":{"start":{"line":29,"column":10},"end":{"line":29,"column":66}},"line":29},"4":{"name":"(anonymous_4)","decl":{"start":{"line":33,"column":13},"end":{"line":33,"column":14}},"loc":{"start":{"line":33,"column":22},"end":{"line":33,"column":38}},"line":33},"5":{"name":"(anonymous_5)","decl":{"start":{"line":39,"column":23},"end":{"line":39,"column":24}},"loc":{"start":{"line":39,"column":37},"end":{"line":65,"column":9}},"line":39},"6":{"name":"(anonymous_6)","decl":{"start":{"line":50,"column":31},"end":{"line":50,"column":32}},"loc":{"start":{"line":50,"column":37},"end":{"line":54,"column":23}},"line":50},"7":{"name":"(anonymous_7)","decl":{"start":{"line":71,"column":46},"end":{"line":71,"column":47}},"loc":{"start":{"line":71,"column":60},"end":{"line":98,"column":9}},"line":71},"8":{"name":"(anonymous_8)","decl":{"start":{"line":84,"column":29},"end":{"line":84,"column":30}},"loc":{"start":{"line":84,"column":35},"end":{"line":88,"column":21}},"line":84}},"branchMap":{"0":{"loc":{"start":{"line":29,"column":10},"end":{"line":29,"column":66}},"type":"cond-expr","locations":[{"start":{"line":29,"column":60},"end":{"line":29,"column":62}},{"start":{"line":29,"column":65},"end":{"line":29,"column":66}}],"line":29},"1":{"loc":{"start":{"line":36,"column":2},"end":{"line":101,"column":3}},"type":"if","locations":[{"start":{"line":36,"column":2},"end":{"line":101,"column":3}},{"start":{"line":36,"column":2},"end":{"line":101,"column":3}}],"line":36},"2":{"loc":{"start":{"line":40,"column":10},"end":{"line":64,"column":11}},"type":"if","locations":[{"start":{"line":40,"column":10},"end":{"line":64,"column":11}},{"start":{"line":40,"column":10},"end":{"line":64,"column":11}}],"line":40}},"s":{"0":2,"1":0,"2":0,"3":0,"4":0,"5":0,"6":0,"7":0,"8":0,"9":0,"10":0,"11":0,"12":0,"13":0,"14":0,"15":0,"16":0,"17":0,"18":0,"19":0,"20":0,"21":0,"22":0,"23":0,"24":0},"f":{"0":0,"1":0,"2":0,"3":0,"4":0,"5":0,"6":0,"7":0,"8":0},"b":{"0":[0,0],"1":[0,0],"2":[0,0]},"_coverageSchema":"1a1c01bbd47fc00a2c39e90264f33305004495a9","hash":"7a4dfbafd30c0d5c7df996a2f08b19f60c99bf69"}
,"/Users/lawrence/supernova-retail-app/src/components/questions-and-answers/questionForm.js": {"path":"/Users/lawrence/supernova-retail-app/src/components/questions-and-answers/questionForm.js","statementMap":{"0":{"start":{"line":8,"column":25},"end":{"line":97,"column":1}},"1":{"start":{"line":9,"column":45},"end":{"line":9,"column":54}},"2":{"start":{"line":10,"column":26},"end":{"line":10,"column":46}},"3":{"start":{"line":12,"column":19},"end":{"line":20,"column":3}},"4":{"start":{"line":13,"column":4},"end":{"line":19,"column":40}},"5":{"start":{"line":16,"column":8},"end":{"line":16,"column":23}},"6":{"start":{"line":17,"column":8},"end":{"line":17,"column":27}},"7":{"start":{"line":19,"column":22},"end":{"line":19,"column":38}},"8":{"start":{"line":22,"column":2},"end":{"line":96,"column":4}},"9":{"start":{"line":28,"column":8},"end":{"line":28,"column":23}},"10":{"start":{"line":29,"column":8},"end":{"line":29,"column":27}}},"fnMap":{"0":{"name":"(anonymous_0)","decl":{"start":{"line":8,"column":25},"end":{"line":8,"column":26}},"loc":{"start":{"line":8,"column":36},"end":{"line":97,"column":1}},"line":8},"1":{"name":"(anonymous_1)","decl":{"start":{"line":12,"column":19},"end":{"line":12,"column":20}},"loc":{"start":{"line":12,"column":29},"end":{"line":20,"column":3}},"line":12},"2":{"name":"(anonymous_2)","decl":{"start":{"line":15,"column":12},"end":{"line":15,"column":13}},"loc":{"start":{"line":15,"column":22},"end":{"line":18,"column":7}},"line":15},"3":{"name":"(anonymous_3)","decl":{"start":{"line":19,"column":13},"end":{"line":19,"column":14}},"loc":{"start":{"line":19,"column":22},"end":{"line":19,"column":38}},"line":19},"4":{"name":"(anonymous_4)","decl":{"start":{"line":27,"column":14},"end":{"line":27,"column":15}},"loc":{"start":{"line":27,"column":20},"end":{"line":30,"column":7}},"line":27}},"branchMap":{"0":{"loc":{"start":{"line":53,"column":15},"end":{"line":53,"column":78}},"type":"binary-expr","locations":[{"start":{"line":53,"column":15},"end":{"line":53,"column":26}},{"start":{"line":53,"column":30},"end":{"line":53,"column":78}}],"line":53},"1":{"loc":{"start":{"line":68,"column":15},"end":{"line":70,"column":15}},"type":"binary-expr","locations":[{"start":{"line":68,"column":15},"end":{"line":68,"column":27}},{"start":{"line":69,"column":16},"end":{"line":69,"column":65}}],"line":68},"2":{"loc":{"start":{"line":84,"column":15},"end":{"line":86,"column":15}},"type":"binary-expr","locations":[{"start":{"line":84,"column":15},"end":{"line":84,"column":26}},{"start":{"line":85,"column":16},"end":{"line":85,"column":68}}],"line":84}},"s":{"0":2,"1":0,"2":0,"3":0,"4":0,"5":0,"6":0,"7":0,"8":0,"9":0,"10":0},"f":{"0":0,"1":0,"2":0,"3":0,"4":0},"b":{"0":[0,0],"1":[0,0],"2":[0,0]},"_coverageSchema":"1a1c01bbd47fc00a2c39e90264f33305004495a9","hash":"4c29d817ad57b29558246912409f7014cd2d534c"}
,"/Users/lawrence/supernova-retail-app/src/components/questions-and-answers/questionsAndAnswers.js": {"path":"/Users/lawrence/supernova-retail-app/src/components/questions-and-answers/questionsAndAnswers.js","statementMap":{"0":{"start":{"line":9,"column":28},"end":{"line":56,"column":1}},"1":{"start":{"line":10,"column":50},"end":{"line":10,"column":65}},"2":{"start":{"line":11,"column":58},"end":{"line":11,"column":73}},"3":{"start":{"line":13,"column":2},"end":{"line":55,"column":3}},"4":{"start":{"line":14,"column":4},"end":{"line":21,"column":6}},"5":{"start":{"line":16,"column":26},"end":{"line":16,"column":52}},"6":{"start":{"line":22,"column":9},"end":{"line":55,"column":3}},"7":{"start":{"line":23,"column":4},"end":{"line":30,"column":6}},"8":{"start":{"line":25,"column":26},"end":{"line":25,"column":56}},"9":{"start":{"line":32,"column":4},"end":{"line":54,"column":6}},"10":{"start":{"line":39,"column":29},"end":{"line":39,"column":58}},"11":{"start":{"line":48,"column":12},"end":{"line":48,"column":38}}},"fnMap":{"0":{"name":"(anonymous_0)","decl":{"start":{"line":9,"column":28},"end":{"line":9,"column":29}},"loc":{"start":{"line":9,"column":39},"end":{"line":56,"column":1}},"line":9},"1":{"name":"(anonymous_1)","decl":{"start":{"line":16,"column":20},"end":{"line":16,"column":21}},"loc":{"start":{"line":16,"column":26},"end":{"line":16,"column":52}},"line":16},"2":{"name":"(anonymous_2)","decl":{"start":{"line":25,"column":20},"end":{"line":25,"column":21}},"loc":{"start":{"line":25,"column":26},"end":{"line":25,"column":56}},"line":25},"3":{"name":"(anonymous_3)","decl":{"start":{"line":39,"column":23},"end":{"line":39,"column":24}},"loc":{"start":{"line":39,"column":29},"end":{"line":39,"column":58}},"line":39},"4":{"name":"(anonymous_4)","decl":{"start":{"line":47,"column":19},"end":{"line":47,"column":20}},"loc":{"start":{"line":47,"column":25},"end":{"line":49,"column":11}},"line":47}},"branchMap":{"0":{"loc":{"start":{"line":13,"column":2},"end":{"line":55,"column":3}},"type":"if","locations":[{"start":{"line":13,"column":2},"end":{"line":55,"column":3}},{"start":{"line":13,"column":2},"end":{"line":55,"column":3}}],"line":13},"1":{"loc":{"start":{"line":22,"column":9},"end":{"line":55,"column":3}},"type":"if","locations":[{"start":{"line":22,"column":9},"end":{"line":55,"column":3}},{"start":{"line":22,"column":9},"end":{"line":55,"column":3}}],"line":22}},"s":{"0":1,"1":0,"2":0,"3":0,"4":0,"5":0,"6":0,"7":0,"8":0,"9":0,"10":0,"11":0},"f":{"0":0,"1":0,"2":0,"3":0,"4":0},"b":{"0":[0,0],"1":[0,0]},"_coverageSchema":"1a1c01bbd47fc00a2c39e90264f33305004495a9","hash":"af1f89614c15474249243367900e9ae50eb9f7d2"}
,"/Users/lawrence/supernova-retail-app/src/components/questions-and-answers/searchQuestion.js": {"path":"/Users/lawrence/supernova-retail-app/src/components/questions-and-answers/searchQuestion.js","statementMap":{"0":{"start":{"line":6,"column":23},"end":{"line":23,"column":1}},"1":{"start":{"line":7,"column":30},"end":{"line":7,"column":57}},"2":{"start":{"line":9,"column":2},"end":{"line":22,"column":4}},"3":{"start":{"line":18,"column":10},"end":{"line":18,"column":36}}},"fnMap":{"0":{"name":"(anonymous_0)","decl":{"start":{"line":6,"column":23},"end":{"line":6,"column":24}},"loc":{"start":{"line":6,"column":34},"end":{"line":23,"column":1}},"line":6},"1":{"name":"(anonymous_1)","decl":{"start":{"line":17,"column":18},"end":{"line":17,"column":19}},"loc":{"start":{"line":17,"column":25},"end":{"line":19,"column":9}},"line":17}},"branchMap":{},"s":{"0":2,"1":0,"2":0,"3":0},"f":{"0":0,"1":0},"b":{},"_coverageSchema":"1a1c01bbd47fc00a2c39e90264f33305004495a9","hash":"297fed2055f9925b63d171003797d9677488e320"}
,"/Users/lawrence/supernova-retail-app/src/components/questions-and-answers/uploadPhoto.js": {"path":"/Users/lawrence/supernova-retail-app/src/components/questions-and-answers/uploadPhoto.js","statementMap":{"0":{"start":{"line":4,"column":20},"end":{"line":50,"column":1}},"1":{"start":{"line":5,"column":28},"end":{"line":5,"column":40}},"2":{"start":{"line":6,"column":30},"end":{"line":6,"column":42}},"3":{"start":{"line":7,"column":2},"end":{"line":49,"column":4}},"4":{"start":{"line":14,"column":10},"end":{"line":25,"column":12}},"5":{"start":{"line":20,"column":29},"end":{"line":20,"column":40}},"6":{"start":{"line":21,"column":16},"end":{"line":21,"column":31}},"7":{"start":{"line":22,"column":16},"end":{"line":22,"column":34}},"8":{"start":{"line":36,"column":25},"end":{"line":36,"column":35}},"9":{"start":{"line":37,"column":12},"end":{"line":37,"column":44}},"10":{"start":{"line":38,"column":12},"end":{"line":38,"column":29}},"11":{"start":{"line":39,"column":28},"end":{"line":39,"column":39}},"12":{"start":{"line":40,"column":12},"end":{"line":40,"column":67}},"13":{"start":{"line":41,"column":12},"end":{"line":41,"column":33}},"14":{"start":{"line":42,"column":12},"end":{"line":42,"column":38}}},"fnMap":{"0":{"name":"(anonymous_0)","decl":{"start":{"line":4,"column":20},"end":{"line":4,"column":21}},"loc":{"start":{"line":4,"column":31},"end":{"line":50,"column":1}},"line":4},"1":{"name":"(anonymous_1)","decl":{"start":{"line":13,"column":20},"end":{"line":13,"column":21}},"loc":{"start":{"line":13,"column":39},"end":{"line":26,"column":9}},"line":13},"2":{"name":"(anonymous_2)","decl":{"start":{"line":19,"column":23},"end":{"line":19,"column":24}},"loc":{"start":{"line":19,"column":29},"end":{"line":23,"column":15}},"line":19},"3":{"name":"(anonymous_3)","decl":{"start":{"line":35,"column":20},"end":{"line":35,"column":21}},"loc":{"start":{"line":35,"column":27},"end":{"line":43,"column":11}},"line":35}},"branchMap":{"0":{"loc":{"start":{"line":29,"column":7},"end":{"line":47,"column":7}},"type":"cond-expr","locations":[{"start":{"line":30,"column":8},"end":{"line":44,"column":10}},{"start":{"line":46,"column":8},"end":{"line":46,"column":10}}],"line":29}},"s":{"0":1,"1":0,"2":0,"3":0,"4":0,"5":0,"6":0,"7":0,"8":0,"9":0,"10":0,"11":0,"12":0,"13":0,"14":0},"f":{"0":0,"1":0,"2":0,"3":0},"b":{"0":[0,0]},"_coverageSchema":"1a1c01bbd47fc00a2c39e90264f33305004495a9","hash":"a685bc97053a807fb4b8a7ab3e8899086ae5c0c9"}
,"/Users/lawrence/supernova-retail-app/src/components/ratings-and-reviews/addReviewButton.js": {"path":"/Users/lawrence/supernova-retail-app/src/components/ratings-and-reviews/addReviewButton.js","statementMap":{"0":{"start":{"line":6,"column":4},"end":{"line":6,"column":17}},"1":{"start":{"line":7,"column":4},"end":{"line":9,"column":6}},"2":{"start":{"line":10,"column":4},"end":{"line":10,"column":47}},"3":{"start":{"line":14,"column":15},"end":{"line":14,"column":30}},"4":{"start":{"line":15,"column":4},"end":{"line":17,"column":7}},"5":{"start":{"line":20,"column":4},"end":{"line":41,"column":6}},"6":{"start":{"line":24,"column":26},"end":{"line":24,"column":42}}},"fnMap":{"0":{"name":"(anonymous_0)","decl":{"start":{"line":5,"column":2},"end":{"line":5,"column":3}},"loc":{"start":{"line":5,"column":21},"end":{"line":11,"column":3}},"line":5},"1":{"name":"(anonymous_1)","decl":{"start":{"line":13,"column":2},"end":{"line":13,"column":3}},"loc":{"start":{"line":13,"column":14},"end":{"line":18,"column":3}},"line":13},"2":{"name":"(anonymous_2)","decl":{"start":{"line":19,"column":2},"end":{"line":19,"column":3}},"loc":{"start":{"line":19,"column":11},"end":{"line":42,"column":3}},"line":19},"3":{"name":"(anonymous_3)","decl":{"start":{"line":24,"column":19},"end":{"line":24,"column":20}},"loc":{"start":{"line":24,"column":26},"end":{"line":24,"column":42}},"line":24}},"branchMap":{"0":{"loc":{"start":{"line":28,"column":9},"end":{"line":39,"column":16}},"type":"cond-expr","locations":[{"start":{"line":29,"column":10},"end":{"line":38,"column":12}},{"start":{"line":39,"column":12},"end":{"line":39,"column":16}}],"line":28}},"s":{"0":1,"1":1,"2":1,"3":0,"4":0,"5":1,"6":0},"f":{"0":1,"1":0,"2":1,"3":0},"b":{"0":[0,1]},"_coverageSchema":"1a1c01bbd47fc00a2c39e90264f33305004495a9","hash":"5bd9d60a12c6d5a9e31d62ded5a7de052da881cb"}
,"/Users/lawrence/supernova-retail-app/src/components/ratings-and-reviews/characteristics.js": {"path":"/Users/lawrence/supernova-retail-app/src/components/ratings-and-reviews/characteristics.js","statementMap":{"0":{"start":{"line":5,"column":24},"end":{"line":46,"column":1}},"1":{"start":{"line":7,"column":2},"end":{"line":9,"column":21}},"2":{"start":{"line":10,"column":2},"end":{"line":45,"column":4}},"3":{"start":{"line":17,"column":14},"end":{"line":40,"column":16}},"4":{"start":{"line":32,"column":22},"end":{"line":36,"column":24}}},"fnMap":{"0":{"name":"(anonymous_0)","decl":{"start":{"line":5,"column":24},"end":{"line":5,"column":25}},"loc":{"start":{"line":5,"column":47},"end":{"line":46,"column":1}},"line":5},"1":{"name":"(anonymous_1)","decl":{"start":{"line":16,"column":38},"end":{"line":16,"column":39}},"loc":{"start":{"line":16,"column":55},"end":{"line":41,"column":13}},"line":16},"2":{"name":"(anonymous_2)","decl":{"start":{"line":31,"column":32},"end":{"line":31,"column":33}},"loc":{"start":{"line":31,"column":45},"end":{"line":37,"column":21}},"line":31}},"branchMap":{"0":{"loc":{"start":{"line":7,"column":2},"end":{"line":9,"column":20}},"type":"cond-expr","locations":[{"start":{"line":8,"column":7},"end":{"line":8,"column":44}},{"start":{"line":9,"column":7},"end":{"line":9,"column":19}}],"line":7},"1":{"loc":{"start":{"line":7,"column":2},"end":{"line":7,"column":76}},"type":"binary-expr","locations":[{"start":{"line":7,"column":2},"end":{"line":7,"column":29}},{"start":{"line":7,"column":33},"end":{"line":7,"column":76}}],"line":7},"2":{"loc":{"start":{"line":15,"column":9},"end":{"line":42,"column":16}},"type":"cond-expr","locations":[{"start":{"line":16,"column":12},"end":{"line":41,"column":14}},{"start":{"line":42,"column":12},"end":{"line":42,"column":16}}],"line":15}},"s":{"0":1,"1":0,"2":0,"3":0,"4":0},"f":{"0":0,"1":0,"2":0},"b":{"0":[0,0],"1":[0,0],"2":[0,0]},"_coverageSchema":"1a1c01bbd47fc00a2c39e90264f33305004495a9","hash":"9362479c835248ff3564c1774671d10ea5b4d265"}
,"/Users/lawrence/supernova-retail-app/src/components/ratings-and-reviews/constants.js": {"path":"/Users/lawrence/supernova-retail-app/src/components/ratings-and-reviews/constants.js","statementMap":{"0":{"start":{"line":1,"column":19},"end":{"line":44,"column":1}},"1":{"start":{"line":46,"column":20},"end":{"line":52,"column":1}},"2":{"start":{"line":54,"column":0},"end":{"line":54,"column":39}},"3":{"start":{"line":55,"column":0},"end":{"line":55,"column":41}}},"fnMap":{},"branchMap":{},"s":{"0":3,"1":3,"2":3,"3":3},"f":{},"b":{},"_coverageSchema":"1a1c01bbd47fc00a2c39e90264f33305004495a9","hash":"2e7ccc43a34e4a8c8acb25de7a580293799edeca"}
,"/Users/lawrence/supernova-retail-app/src/components/ratings-and-reviews/helpful.js": {"path":"/Users/lawrence/supernova-retail-app/src/components/ratings-and-reviews/helpful.js","statementMap":{"0":{"start":{"line":4,"column":16},"end":{"line":54,"column":1}},"1":{"start":{"line":5,"column":32},"end":{"line":5,"column":47}},"2":{"start":{"line":7,"column":22},"end":{"line":24,"column":3}},"3":{"start":{"line":9,"column":22},"end":{"line":9,"column":35}},"4":{"start":{"line":10,"column":19},"end":{"line":10,"column":47}},"5":{"start":{"line":11,"column":6},"end":{"line":20,"column":7}},"6":{"start":{"line":12,"column":27},"end":{"line":12,"column":67}},"7":{"start":{"line":13,"column":8},"end":{"line":13,"column":36}},"8":{"start":{"line":14,"column":8},"end":{"line":14,"column":43}},"9":{"start":{"line":15,"column":8},"end":{"line":15,"column":25}},"10":{"start":{"line":17,"column":8},"end":{"line":17,"column":32}},"11":{"start":{"line":18,"column":25},"end":{"line":18,"column":61}},"12":{"start":{"line":19,"column":8},"end":{"line":19,"column":25}},"13":{"start":{"line":23,"column":4},"end":{"line":23,"column":16}},"14":{"start":{"line":26,"column":2},"end":{"line":35,"column":9}},"15":{"start":{"line":28,"column":22},"end":{"line":28,"column":35}},"16":{"start":{"line":29,"column":19},"end":{"line":29,"column":47}},"17":{"start":{"line":30,"column":6},"end":{"line":32,"column":7}},"18":{"start":{"line":31,"column":8},"end":{"line":31,"column":25}},"19":{"start":{"line":34,"column":4},"end":{"line":34,"column":16}},"20":{"start":{"line":37,"column":2},"end":{"line":53,"column":4}},"21":{"start":{"line":45,"column":12},"end":{"line":45,"column":48}}},"fnMap":{"0":{"name":"(anonymous_0)","decl":{"start":{"line":4,"column":16},"end":{"line":4,"column":17}},"loc":{"start":{"line":4,"column":27},"end":{"line":54,"column":1}},"line":4},"1":{"name":"(anonymous_1)","decl":{"start":{"line":7,"column":22},"end":{"line":7,"column":23}},"loc":{"start":{"line":7,"column":38},"end":{"line":24,"column":3}},"line":7},"2":{"name":"asyncCall","decl":{"start":{"line":8,"column":19},"end":{"line":8,"column":28}},"loc":{"start":{"line":8,"column":31},"end":{"line":21,"column":5}},"line":8},"3":{"name":"(anonymous_3)","decl":{"start":{"line":26,"column":12},"end":{"line":26,"column":13}},"loc":{"start":{"line":26,"column":54},"end":{"line":35,"column":3}},"line":26},"4":{"name":"asyncCall","decl":{"start":{"line":27,"column":19},"end":{"line":27,"column":28}},"loc":{"start":{"line":27,"column":31},"end":{"line":33,"column":5}},"line":27},"5":{"name":"(anonymous_5)","decl":{"start":{"line":44,"column":19},"end":{"line":44,"column":20}},"loc":{"start":{"line":44,"column":25},"end":{"line":46,"column":11}},"line":44}},"branchMap":{"0":{"loc":{"start":{"line":11,"column":6},"end":{"line":20,"column":7}},"type":"if","locations":[{"start":{"line":11,"column":6},"end":{"line":20,"column":7}},{"start":{"line":11,"column":6},"end":{"line":20,"column":7}}],"line":11},"1":{"loc":{"start":{"line":26,"column":13},"end":{"line":26,"column":26}},"type":"default-arg","locations":[{"start":{"line":26,"column":18},"end":{"line":26,"column":26}}],"line":26},"2":{"loc":{"start":{"line":26,"column":28},"end":{"line":26,"column":49}},"type":"default-arg","locations":[{"start":{"line":26,"column":37},"end":{"line":26,"column":49}}],"line":26},"3":{"loc":{"start":{"line":30,"column":6},"end":{"line":32,"column":7}},"type":"if","locations":[{"start":{"line":30,"column":6},"end":{"line":32,"column":7}},{"start":{"line":30,"column":6},"end":{"line":32,"column":7}}],"line":30},"4":{"loc":{"start":{"line":30,"column":10},"end":{"line":30,"column":65}},"type":"binary-expr","locations":[{"start":{"line":30,"column":10},"end":{"line":30,"column":30}},{"start":{"line":30,"column":34},"end":{"line":30,"column":65}}],"line":30},"5":{"loc":{"start":{"line":40,"column":7},"end":{"line":51,"column":7}},"type":"cond-expr","locations":[{"start":{"line":41,"column":8},"end":{"line":41,"column":75}},{"start":{"line":43,"column":8},"end":{"line":50,"column":12}}],"line":40}},"s":{"0":4,"1":1,"2":1,"3":0,"4":0,"5":0,"6":0,"7":0,"8":0,"9":0,"10":0,"11":0,"12":0,"13":0,"14":1,"15":0,"16":0,"17":0,"18":0,"19":0,"20":1,"21":0},"f":{"0":1,"1":0,"2":0,"3":0,"4":0,"5":0},"b":{"0":[0,0],"1":[0],"2":[0],"3":[0,0],"4":[0,0],"5":[0,1]},"_coverageSchema":"1a1c01bbd47fc00a2c39e90264f33305004495a9","hash":"b3fc12057877d8383eef29be8c0af92188bde372"}
,"/Users/lawrence/supernova-retail-app/src/components/ratings-and-reviews/moreReviewsButton.js": {"path":"/Users/lawrence/supernova-retail-app/src/components/ratings-and-reviews/moreReviewsButton.js","statementMap":{"0":{"start":{"line":3,"column":26},"end":{"line":12,"column":1}},"1":{"start":{"line":4,"column":2},"end":{"line":11,"column":4}}},"fnMap":{"0":{"name":"(anonymous_0)","decl":{"start":{"line":3,"column":26},"end":{"line":3,"column":27}},"loc":{"start":{"line":3,"column":51},"end":{"line":12,"column":1}},"line":3}},"branchMap":{},"s":{"0":1,"1":1},"f":{"0":1},"b":{},"_coverageSchema":"1a1c01bbd47fc00a2c39e90264f33305004495a9","hash":"cc1b7243d6aa28cec52371542ed94e5e47b3b950"}
[...]
"start":{"line":51,"column":22},"end":{"line":51,"column":36}},"16":{"start":{"line":52,"column":27},"end":{"line":52,"column":48}},"17":{"start":{"line":53,"column":4},"end":{"line":53,"column":26}},"18":{"start":{"line":57,"column":19},"end":{"line":57,"column":21}},"19":{"start":{"line":58,"column":4},"end":{"line":66,"column":5}},"20":{"start":{"line":58,"column":17},"end":{"line":58,"column":18}},"21":{"start":{"line":59,"column":6},"end":{"line":65,"column":8}},"22":{"start":{"line":63,"column":12},"end":{"line":63,"column":37}},"23":{"start":{"line":67,"column":4},"end":{"line":73,"column":9}},"24":{"start":{"line":69,"column":8},"end":{"line":69,"column":53}},"25":{"start":{"line":72,"column":8},"end":{"line":72,"column":25}},"26":{"start":{"line":77,"column":19},"end":{"line":77,"column":21}},"27":{"start":{"line":78,"column":4},"end":{"line":86,"column":5}},"28":{"start":{"line":78,"column":17},"end":{"line":78,"column":18}},"29":{"start":{"line":79,"column":6},"end":{"line":85,"column":8}},"30":{"start":{"line":83,"column":12},"end":{"line":83,"column":33}},"31":{"start":{"line":87,"column":4},"end":{"line":93,"column":9}},"32":{"start":{"line":89,"column":8},"end":{"line":89,"column":50}},"33":{"start":{"line":92,"column":8},"end":{"line":92,"column":25}},"34":{"start":{"line":97,"column":19},"end":{"line":97,"column":21}},"35":{"start":{"line":98,"column":4},"end":{"line":107,"column":5}},"36":{"start":{"line":98,"column":17},"end":{"line":98,"column":18}},"37":{"start":{"line":99,"column":6},"end":{"line":106,"column":8}},"38":{"start":{"line":103,"column":32},"end":{"line":103,"column":79}},"39":{"start":{"line":104,"column":12},"end":{"line":104,"column":33}},"40":{"start":{"line":108,"column":4},"end":{"line":116,"column":9}},"41":{"start":{"line":110,"column":8},"end":{"line":112,"column":11}},"42":{"start":{"line":115,"column":8},"end":{"line":115,"column":25}},"43":{"start":{"line":120,"column":4},"end":{"line":144,"column":6}}},"fnMap":{"0":{"name":"(anonymous_0)","decl":{"start":{"line":7,"column":2},"end":{"line":7,"column":3}},"loc":{"start":{"line":7,"column":21},"end":{"line":21,"column":3}},"line":7},"1":{"name":"(anonymous_1)","decl":{"start":{"line":23,"column":2},"end":{"line":23,"column":3}},"loc":{"start":{"line":23,"column":32},"end":{"line":30,"column":3}},"line":23},"2":{"name":"(anonymous_2)","decl":{"start":{"line":32,"column":2},"end":{"line":32,"column":3}},"loc":{"start":{"line":32,"column":18},"end":{"line":48,"column":3}},"line":32},"3":{"name":"(anonymous_3)","decl":{"start":{"line":35,"column":12},"end":{"line":35,"column":13}},"loc":{"start":{"line":35,"column":21},"end":{"line":39,"column":7}},"line":35},"4":{"name":"(anonymous_4)","decl":{"start":{"line":40,"column":12},"end":{"line":40,"column":13}},"loc":{"start":{"line":40,"column":18},"end":{"line":44,"column":7}},"line":40},"5":{"name":"(anonymous_5)","decl":{"start":{"line":45,"column":13},"end":{"line":45,"column":14}},"loc":{"start":{"line":45,"column":22},"end":{"line":47,"column":7}},"line":45},"6":{"name":"(anonymous_6)","decl":{"start":{"line":50,"column":2},"end":{"line":50,"column":3}},"loc":{"start":{"line":50,"column":35},"end":{"line":54,"column":3}},"line":50},"7":{"name":"(anonymous_7)","decl":{"start":{"line":56,"column":2},"end":{"line":56,"column":3}},"loc":{"start":{"line":56,"column":27},"end":{"line":74,"column":3}},"line":56},"8":{"name":"(anonymous_8)","decl":{"start":{"line":62,"column":16},"end":{"line":62,"column":17}},"loc":{"start":{"line":62,"column":25},"end":{"line":64,"column":11}},"line":62},"9":{"name":"(anonymous_9)","decl":{"start":{"line":68,"column":12},"end":{"line":68,"column":13}},"loc":{"start":{"line":68,"column":22},"end":{"line":70,"column":7}},"line":68},"10":{"name":"(anonymous_10)","decl":{"start":{"line":71,"column":13},"end":{"line":71,"column":14}},"loc":{"start":{"line":71,"column":22},"end":{"line":73,"column":7}},"line":71},"11":{"name":"(anonymous_11)","decl":{"start":{"line":76,"column":2},"end":{"line":76,"column":3}},"loc":{"start":{"line":76,"column":24},"end":{"line":94,"column":3}},"line":76},"12":{"name":"(anonymous_12)","decl":{"start":{"line":82,"column":16},"end":{"line":82,"column":17}},"loc":{"start":{"line":82,"column":25},"end":{"line":84,"column":11}},"line":82},"13":{"name":"(anonymous_13)","decl":{"start":{"line":88,"column":12},"end":{"line":88,"column":13}},"loc":{"start":{"line":88,"column":22},"end":{"line":90,"column":7}},"line":88},"14":{"name":"(anonymous_14)","decl":{"start":{"line":91,"column":13},"end":{"line":91,"column":14}},"loc":{"start":{"line":91,"column":22},"end":{"line":93,"column":7}},"line":91},"15":{"name":"(anonymous_15)","decl":{"start":{"line":96,"column":2},"end":{"line":96,"column":3}},"loc":{"start":{"line":96,"column":26},"end":{"line":117,"column":3}},"line":96},"16":{"name":"(anonymous_16)","decl":{"start":{"line":102,"column":16},"end":{"line":102,"column":17}},"loc":{"start":{"line":102,"column":30},"end":{"line":105,"column":11}},"line":102},"17":{"name":"(anonymous_17)","decl":{"start":{"line":109,"column":12},"end":{"line":109,"column":13}},"loc":{"start":{"line":109,"column":22},"end":{"line":113,"column":7}},"line":109},"18":{"name":"(anonymous_18)","decl":{"start":{"line":114,"column":13},"end":{"line":114,"column":14}},"loc":{"start":{"line":114,"column":22},"end":{"line":116,"column":7}},"line":114},"19":{"name":"(anonymous_19)","decl":{"start":{"line":119,"column":2},"end":{"line":119,"column":3}},"loc":{"start":{"line":119,"column":11},"end":{"line":145,"column":3}},"line":119}},"branchMap":{"0":{"loc":{"start":{"line":24,"column":4},"end":{"line":29,"column":5}},"type":"if","locations":[{"start":{"line":24,"column":4},"end":{"line":29,"column":5}},{"start":{"line":24,"column":4},"end":{"line":29,"column":5}}],"line":24}},"s":{"0":1,"1":1,"2":1,"3":1,"4":1,"5":1,"6":1,"7":0,"8":0,"9":0,"10":0,"11":0,"12":0,"13":0,"14":0,"15":0,"16":0,"17":0,"18":0,"19":0,"20":0,"21":0,"22":0,"23":0,"24":0,"25":0,"26":0,"27":0,"28":0,"29":0,"30":0,"31":0,"32":0,"33":0,"34":0,"35":0,"36":0,"37":0,"38":0,"39":0,"40":0,"41":0,"42":0,"43":1},"f":{"0":1,"1":0,"2":0,"3":0,"4":0,"5":0,"6":0,"7":0,"8":0,"9":0,"10":0,"11":0,"12":0,"13":0,"14":0,"15":0,"16":0,"17":0,"18":0,"19":1},"b":{"0":[0,0]},"_coverageSchema":"1a1c01bbd47fc00a2c39e90264f33305004495a9","hash":"6863d923594103d3acf9580e0f781057c3cd4841"}
,"/Users/lawrence/supernova-retail-app/src/components/related-items-creation/yourOutfit.js": {"path":"/Users/lawrence/supernova-retail-app/src/components/related-items-creation/yourOutfit.js","statementMap":{"0":{"start":{"line":14,"column":4},"end":{"line":14,"column":17}},"1":{"start":{"line":15,"column":4},"end":{"line":24,"column":6}},"2":{"start":{"line":26,"column":4},"end":{"line":26,"column":52}},"3":{"start":{"line":27,"column":4},"end":{"line":27,"column":55}},"4":{"start":{"line":28,"column":4},"end":{"line":28,"column":55}},"5":{"start":{"line":29,"column":4},"end":{"line":29,"column":69}},"6":{"start":{"line":30,"column":4},"end":{"line":30,"column":63}},"7":{"start":{"line":31,"column":4},"end":{"line":31,"column":57}},"8":{"start":{"line":32,"column":4},"end":{"line":32,"column":61}},"9":{"start":{"line":33,"column":4},"end":{"line":33,"column":73}},"10":{"start":{"line":37,"column":4},"end":{"line":37,"column":32}},"11":{"start":{"line":41,"column":4},"end":{"line":45,"column":7}},"12":{"start":{"line":49,"column":20},"end":{"line":49,"column":33}},"13":{"start":{"line":50,"column":20},"end":{"line":50,"column":22}},"14":{"start":{"line":51,"column":4},"end":{"line":56,"column":5}},"15":{"start":{"line":52,"column":22},"end":{"line":52,"column":24}},"16":{"start":{"line":53,"column":6},"end":{"line":53,"column":39}},"17":{"start":{"line":55,"column":6},"end":{"line":55,"column":40}},"18":{"start":{"line":58,"column":4},"end":{"line":60,"column":7}},"19":{"start":{"line":62,"column":4},"end":{"line":66,"column":5}},"20":{"start":{"line":63,"column":6},"end":{"line":63,"column":28}},"21":{"start":{"line":64,"column":6},"end":{"line":64,"column":27}},"22":{"start":{"line":65,"column":6},"end":{"line":65,"column":27}},"23":{"start":{"line":70,"column":20},"end":{"line":70,"column":33}},"24":{"start":{"line":71,"column":19},"end":{"line":71,"column":40}},"25":{"start":{"line":72,"column":4},"end":{"line":76,"column":5}},"26":{"start":{"line":73,"column":21},"end":{"line":73,"column":37}},"27":{"start":{"line":74,"column":6},"end":{"line":74,"column":24}},"28":{"start":{"line":75,"column":6},"end":{"line":75,"column":38}},"29":{"start":{"line":80,"column":20},"end":{"line":80,"column":33}},"30":{"start":{"line":81,"column":19},"end":{"line":81,"column":40}},"31":{"start":{"line":82,"column":19},"end":{"line":82,"column":35}},"32":{"start":{"line":83,"column":4},"end":{"line":83,"column":30}},"33":{"start":{"line":84,"column":4},"end":{"line":84,"column":36}},"34":{"start":{"line":85,"column":4},"end":{"line":85,"column":28}},"35":{"start":{"line":86,"column":4},"end":{"line":86,"column":32}},"36":{"start":{"line":90,"column":27},"end":{"line":90,"column":59}},"37":{"start":{"line":91,"column":4},"end":{"line":91,"column":45}},"38":{"start":{"line":92,"column":4},"end":{"line":92,"column":28}},"39":{"start":{"line":93,"column":4},"end":{"line":93,"column":32}},"40":{"start":{"line":97,"column":4},"end":{"line":97,"column":38}},"41":{"start":{"line":98,"column":19},"end":{"line":98,"column":21}},"42":{"start":{"line":99,"column":4},"end":{"line":109,"column":5}},"43":{"start":{"line":99,"column":17},"end":{"line":99,"column":18}},"44":{"start":{"line":100,"column":6},"end":{"line":108,"column":8}},"45":{"start":{"line":105,"column":14},"end":{"line":106,"column":150}},"46":{"start":{"line":111,"column":4},"end":{"line":120,"column":9}},"47":{"start":{"line":113,"column":8},"end":{"line":116,"column":11}},"48":{"start":{"line":119,"column":8},"end":{"line":119,"column":25}},"49":{"start":{"line":124,"column":4},"end":{"line":124,"column":38}},"50":{"start":{"line":125,"column":19},"end":{"line":125,"column":21}},"51":{"start":{"line":126,"column":4},"end":{"line":135,"column":5}},"52":{"start":{"line":126,"column":17},"end":{"line":126,"column":18}},"53":{"start":{"line":127,"column":6},"end":{"line":134,"column":8}},"54":{"start":{"line":130,"column":26},"end":{"line":133,"column":11}},"55":{"start":{"line":137,"column":4},"end":{"line":146,"column":9}},"56":{"start":{"line":139,"column":8},"end":{"line":142,"column":11}},"57":{"start":{"line":145,"column":8},"end":{"line":145,"column":25}},"58":{"start":{"line":150,"column":19},"end":{"line":150,"column":21}},"59":{"start":{"line":151,"column":4},"end":{"line":157,"column":5}},"60":{"start":{"line":151,"column":17},"end":{"line":151,"column":18}},"61":{"start":{"line":152,"column":6},"end":{"line":156,"column":8}},"62":{"start":{"line":155,"column":25},"end":{"line":155,"column":33}},"63":{"start":{"line":158,"column":4},"end":{"line":164,"column":9}},"64":{"start":{"line":160,"column":8},"end":{"line":160,"column":69}},"65":{"start":{"line":163,"column":8},"end":{"line":163,"column":25}},"66":{"start":{"line":168,"column":29},"end":{"line":168,"column":57}},"67":{"start":{"line":169,"column":28},"end":{"line":169,"column":55}},"68":{"start":{"line":170,"column":28},"end":{"line":170,"column":55}},"69":{"start":{"line":171,"column":4},"end":{"line":294,"column":5}},"70":{"start":{"line":172,"column":6},"end":{"line":282,"column":8}},"71":{"start":{"line":177,"column":14},"end":{"line":177,"column":33}},"72":{"start":{"line":197,"column":16},"end":{"line":197,"column":57}},"73":{"start":{"line":203,"column":16},"end":{"line":277,"column":18}},"74":{"start":{"line":213,"column":26},"end":{"line":213,"column":57}},"75":{"start":{"line":220,"column":24},"end":{"line":220,"column":63}},"76":{"start":{"line":284,"column":6},"end":{"line":293,"column":8}},"77":{"start":{"line":288,"column":12},"end":{"line":288,"column":31}}},"fnMap":{"0":{"name":"(anonymous_0)","decl":{"start":{"line":13,"column":2},"end":{"line":13,"column":3}},"loc":{"start":{"line":13,"column":21},"end":{"line":34,"column":3}},"line":13},"1":{"name":"(anonymous_1)","decl":{"start":{"line":36,"column":2},"end":{"line":36,"column":3}},"loc":{"start":{"line":36,"column":22},"end":{"line":38,"column":3}},"line":36},"2":{"name":"(anonymous_2)","decl":{"start":{"line":40,"column":2},"end":{"line":40,"column":3}},"loc":{"start":{"line":40,"column":21},"end":{"line":46,"column":3}},"line":40},"3":{"name":"(anonymous_3)","decl":{"start":{"line":48,"column":2},"end":{"line":48,"column":3}},"loc":{"start":{"line":48,"column":31},"end":{"line":67,"column":3}},"line":48},"4":{"name":"(anonymous_4)","decl":{"start":{"line":69,"column":2},"end":{"line":69,"column":3}},"loc":{"start":{"line":69,"column":24},"end":{"line":77,"column":3}},"line":69},"5":{"name":"(anonymous_5)","decl":{"start":{"line":79,"column":2},"end":{"line":79,"column":3}},"loc":{"start":{"line":79,"column":32},"end":{"line":87,"column":3}},"line":79},"6":{"name":"(anonymous_6)","decl":{"start":{"line":89,"column":2},"end":{"line":89,"column":3}},"loc":{"start":{"line":89,"column":16},"end":{"line":94,"column":3}},"line":89},"7":{"name":"(anonymous_7)","decl":{"start":{"line":96,"column":2},"end":{"line":96,"column":3}},"loc":{"start":{"line":96,"column":18},"end":{"line":121,"column":3}},"line":96},"8":{"name":"(anonymous_8)","decl":{"start":{"line":104,"column":12},"end":{"line":104,"column":13}},"loc":{"start":{"line":105,"column":14},"end":{"line":106,"column":150}},"line":105},"9":{"name":"(anonymous_9)","decl":{"start":{"line":112,"column":12},"end":{"line":112,"column":13}},"loc":{"start":{"line":112,"column":21},"end":{"line":117,"column":7}},"line":112},"10":{"name":"(anonymous_10)","decl":{"start":{"line":118,"column":13},"end":{"line":118,"column":14}},"loc":{"start":{"line":118,"column":22},"end":{"line":120,"column":7}},"line":118},"11":{"name":"(anonymous_11)","decl":{"start":{"line":123,"column":2},"end":{"line":123,"column":3}},"loc":{"start":{"line":123,"column":18},"end":{"line":147,"column":3}},"line":123},"12":{"name":"(anonymous_12)","decl":{"start":{"line":130,"column":16},"end":{"line":130,"column":17}},"loc":{"start":{"line":130,"column":26},"end":{"line":133,"column":11}},"line":130},"13":{"name":"(anonymous_13)","decl":{"start":{"line":138,"column":12},"end":{"line":138,"column":13}},"loc":{"start":{"line":138,"column":21},"end":{"line":143,"column":7}},"line":138},"14":{"name":"(anonymous_14)","decl":{"start":{"line":144,"column":13},"end":{"line":144,"column":14}},"loc":{"start":{"line":144,"column":22},"end":{"line":146,"column":7}},"line":144},"15":{"name":"(anonymous_15)","decl":{"start":{"line":149,"column":2},"end":{"line":149,"column":3}},"loc":{"start":{"line":149,"column":19},"end":{"line":165,"column":3}},"line":149},"16":{"name":"(anonymous_16)","decl":{"start":{"line":155,"column":16},"end":{"line":155,"column":17}},"loc":{"start":{"line":155,"column":25},"end":{"line":155,"column":33}},"line":155},"17":{"name":"(anonymous_17)","decl":{"start":{"line":159,"column":12},"end":{"line":159,"column":13}},"loc":{"start":{"line":159,"column":21},"end":{"line":161,"column":7}},"line":159},"18":{"name":"(anonymous_18)","decl":{"start":{"line":162,"column":13},"end":{"line":162,"column":14}},"loc":{"start":{"line":162,"column":22},"end":{"line":164,"column":7}},"line":162},"19":{"name":"(anonymous_19)","decl":{"start":{"line":167,"column":2},"end":{"line":167,"column":3}},"loc":{"start":{"line":167,"column":11},"end":{"line":295,"column":3}},"line":167},"20":{"name":"(anonymous_20)","decl":{"start":{"line":176,"column":21},"end":{"line":176,"column":22}},"loc":{"start":{"line":176,"column":27},"end":{"line":178,"column":13}},"line":176},"21":{"name":"(anonymous_21)","decl":{"start":{"line":196,"column":37},"end":{"line":196,"column":38}},"loc":{"start":{"line":197,"column":16},"end":{"line":197,"column":57}},"line":197},"22":{"name":"(anonymous_22)","decl":{"start":{"line":202,"column":42},"end":{"line":202,"column":43}},"loc":{"start":{"line":202,"column":55},"end":{"line":278,"column":15}},"line":202},"23":{"name":"(anonymous_23)","decl":{"start":{"line":212,"column":33},"end":{"line":212,"column":34}},"loc":{"start":{"line":212,"column":39},"end":{"line":214,"column":25}},"line":212},"24":{"name":"(anonymous_24)","decl":{"start":{"line":219,"column":31},"end":{"line":219,"column":32}},"loc":{"start":{"line":219,"column":37},"end":{"line":221,"column":23}},"line":219},"25":{"name":"(anonymous_25)","decl":{"start":{"line":287,"column":19},"end":{"line":287,"column":20}},"loc":{"start":{"line":287,"column":25},"end":{"line":289,"column":11}},"line":287}},"branchMap":{"0":{"loc":{"start":{"line":51,"column":4},"end":{"line":56,"column":5}},"type":"if","locations":[{"start":{"line":51,"column":4},"end":{"line":56,"column":5}},{"start":{"line":51,"column":4},"end":{"line":56,"column":5}}],"line":51},"1":{"loc":{"start":{"line":62,"column":4},"end":{"line":66,"column":5}},"type":"if","locations":[{"start":{"line":62,"column":4},"end":{"line":66,"column":5}},{"start":{"line":62,"column":4},"end":{"line":66,"column":5}}],"line":62},"2":{"loc":{"start":{"line":72,"column":4},"end":{"line":76,"column":5}},"type":"if","locations":[{"start":{"line":72,"column":4},"end":{"line":76,"column":5}},{"start":{"line":72,"column":4},"end":{"line":76,"column":5}}],"line":72},"3":{"loc":{"start":{"line":105,"column":14},"end":{"line":106,"column":150}},"type":"binary-expr","locations":[{"start":{"line":105,"column":14},"end":{"line":105,"column":57}},{"start":{"line":106,"column":14},"end":{"line":106,"column":150}}],"line":105},"4":{"loc":{"start":{"line":171,"column":4},"end":{"line":294,"column":5}},"type":"if","locations":[{"start":{"line":171,"column":4},"end":{"line":294,"column":5}},{"start":{"line":171,"column":4},"end":{"line":294,"column":5}}],"line":171},"5":{"loc":{"start":{"line":171,"column":8},"end":{"line":171,"column":62}},"type":"binary-expr","locations":[{"start":{"line":171,"column":8},"end":{"line":171,"column":24}},{"start":{"line":171,"column":28},"end":{"line":171,"column":43}},{"start":{"line":171,"column":47},"end":{"line":171,"column":62}}],"line":171},"6":{"loc":{"start":{"line":231,"column":26},"end":{"line":233,"column":32}},"type":"cond-expr","locations":[{"start":{"line":232,"column":30},"end":{"line":232,"column":55}},{"start":{"line":233,"column":30},"end":{"line":233,"column":32}}],"line":231},"7":{"loc":{"start":{"line":238,"column":30},"end":{"line":240,"column":40}},"type":"cond-expr","locations":[{"start":{"line":239,"column":34},"end":{"line":239,"column":48}},{"start":{"line":240,"column":34},"end":{"line":240,"column":40}}],"line":238},"8":{"loc":{"start":{"line":258,"column":28},"end":{"line":260,"column":38}},"type":"cond-expr","locations":[{"start":{"line":259,"column":32},"end":{"line":259,"column":46}},{"start":{"line":260,"column":32},"end":{"line":260,"column":38}}],"line":258}},"s":{"0":0,"1":0,"2":0,"3":0,"4":0,"5":0,"6":0,"7":0,"8":0,"9":0,"10":0,"11":0,"12":0,"13":0,"14":0,"15":0,"16":0,"17":0,"18":0,"19":0,"20":0,"21":0,"22":0,"23":0,"24":0,"25":0,"26":0,"27":0,"28":0,"29":0,"30":0,"31":0,"32":0,"33":0,"34":0,"35":0,"36":0,"37":0,"38":0,"39":0,"40":0,"41":0,"42":0,"43":0,"44":0,"45":0,"46":0,"47":0,"48":0,"49":0,"50":0,"51":0,"52":0,"53":0,"54":0,"55":0,"56":0,"57":0,"58":0,"59":0,"60":0,"61":0,"62":0,"63":0,"64":0,"65":0,"66":0,"67":0,"68":0,"69":0,"70":0,"71":0,"72":0,"73":0,"74":0,"75":0,"76":0,"77":0},"f":{"0":0,"1":0,"2":0,"3":0,"4":0,"5":0,"6":0,"7":0,"8":0,"9":0,"10":0,"11":0,"12":0,"13":0,"14":0,"15":0,"16":0,"17":0,"18":0,"19":0,"20":0,"21":0,"22":0,"23":0,"24":0,"25":0},"b":{"0":[0,0],"1":[0,0],"2":[0,0],"3":[0,0],"4":[0,0],"5":[0,0,0],"6":[0,0],"7":[0,0],"8":[0,0]},"_coverageSchema":"1a1c01bbd47fc00a2c39e90264f33305004495a9","hash":"0a593de7fbc5b45fbcb85c234ba165a23276147f"}
}
