TN:
SF:src/apiMaster.js
FN:4,(anonymous_0)
FN:8,(anonymous_1)
FN:12,(anonymous_2)
FN:16,(anonymous_3)
FN:20,(anonymous_4)
FN:24,(anonymous_5)
FN:28,(anonymous_6)
FN:34,(anonymous_7)
FN:38,(anonymous_8)
FN:61,(anonymous_9)
FN:65,(anonymous_10)
FN:74,(anonymous_11)
FN:78,(anonymous_12)
FN:86,(anonymous_13)
FN:95,(anonymous_14)
FN:99,(anonymous_15)
FN:103,(anonymous_16)
FN:107,(anonymous_17)
FNF:18
FNH:1
FNDA:0,(anonymous_0)
FNDA:0,(anonymous_1)
FNDA:1,(anonymous_2)
FNDA:0,(anonymous_3)
FNDA:0,(anonymous_4)
FNDA:0,(anonymous_5)
FNDA:0,(anonymous_6)
FNDA:0,(anonymous_7)
FNDA:0,(anonymous_8)
FNDA:0,(anonymous_9)
FNDA:0,(anonymous_10)
FNDA:0,(anonymous_11)
FNDA:0,(anonymous_12)
FNDA:0,(anonymous_13)
FNDA:0,(anonymous_14)
FNDA:0,(anonymous_15)
FNDA:0,(anonymous_16)
FNDA:0,(anonymous_17)
DA:2,9
DA:4,9
DA:5,0
DA:8,9
DA:9,0
DA:12,9
DA:13,1
DA:16,9
DA:17,0
DA:20,9
DA:21,0
DA:24,9
DA:25,0
DA:28,9
DA:29,0
DA:34,9
DA:35,0
DA:38,9
DA:49,0
DA:61,9
DA:62,0
DA:65,9
DA:66,0
DA:67,0
DA:68,0
DA:74,9
DA:75,0
DA:78,9
DA:79,0
DA:86,9
DA:87,0
DA:95,9
DA:96,0
DA:99,9
DA:100,0
DA:103,9
DA:104,0
DA:107,9
DA:108,0
DA:111,9
LF:40
LH:21
BRDA:8,0,0,0
BRDA:12,1,0,1
BRDA:16,2,0,0
BRDA:20,3,0,0
BRDA:24,4,0,0
BRDA:28,5,0,0
BRDA:28,6,0,0
BRDA:28,7,0,0
BRDA:39,8,0,0
BRDA:86,9,0,0
BRF:10
BRH:1
end_of_record
TN:
SF:src/components/product-detail/photoContainer.js
FN:11,(anonymous_0)
FN:34,(anonymous_1)
FN:46,(anonymous_2)
FN:58,(anonymous_3)
FN:73,(anonymous_4)
FN:79,(anonymous_5)
FN:105,(anonymous_6)
FN:111,(anonymous_7)
FN:136,(anonymous_8)
FN:142,(anonymous_9)
FN:154,(anonymous_10)
FN:160,(anonymous_11)
FN:172,(anonymous_12)
FN:178,(anonymous_13)
FN:191,(anonymous_14)
FN:203,(anonymous_15)
FN:227,(anonymous_16)
FN:256,(anonymous_17)
FN:257,(anonymous_18)
FN:263,(anonymous_19)
FN:269,(anonymous_20)
FN:280,(anonymous_21)
FN:287,(anonymous_22)
FN:294,(anonymous_23)
FN:304,(anonymous_24)
FN:315,(anonymous_25)
FNF:26
FNH:2
FNDA:2,(anonymous_0)
FNDA:0,(anonymous_1)
FNDA:0,(anonymous_2)
FNDA:0,(anonymous_3)
FNDA:0,(anonymous_4)
FNDA:0,(anonymous_5)
FNDA:0,(anonymous_6)
FNDA:0,(anonymous_7)
FNDA:0,(anonymous_8)
FNDA:0,(anonymous_9)
FNDA:0,(anonymous_10)
FNDA:0,(anonymous_11)
FNDA:0,(anonymous_12)
FNDA:0,(anonymous_13)
FNDA:0,(anonymous_14)
FNDA:0,(anonymous_15)
FNDA:2,(anonymous_16)
FNDA:0,(anonymous_17)
FNDA:0,(anonymous_18)
FNDA:0,(anonymous_19)
FNDA:0,(anonymous_20)
FNDA:0,(anonymous_21)
FNDA:0,(anonymous_22)
FNDA:0,(anonymous_23)
FNDA:0,(anonymous_24)
FNDA:0,(anonymous_25)
DA:12,2
DA:13,2
DA:25,2
DA:26,2
DA:27,2
DA:28,2
DA:29,2
DA:30,2
DA:31,2
DA:35,0
DA:36,0
DA:42,0
DA:47,0
DA:48,0
DA:52,0
DA:59,0
DA:63,0
DA:67,0
DA:74,0
DA:75,0
DA:78,0
DA:79,0
DA:80,0
DA:83,0
DA:85,0
DA:86,0
DA:91,0
DA:97,0
DA:106,0
DA:107,0
DA:110,0
DA:111,0
DA:112,0
DA:115,0
DA:117,0
DA:118,0
DA:123,0
DA:128,0
DA:137,0
DA:143,0
DA:144,0
DA:149,0
DA:155,0
DA:161,0
DA:162,0
DA:167,0
DA:173,0
DA:179,0
DA:180,0
DA:184,0
DA:188,0
DA:192,0
DA:193,0
DA:196,0
DA:197,0
DA:204,0
DA:205,0
DA:228,2
DA:256,0
DA:257,0
DA:264,0
DA:269,0
DA:280,0
DA:287,0
DA:294,0
DA:304,0
DA:315,0
LF:67
LH:10
BRDA:35,0,0,0
BRDA:35,0,1,0
BRDA:47,1,0,0
BRDA:47,1,1,0
BRDA:59,2,0,0
BRDA:59,2,1,0
BRDA:78,3,0,0
BRDA:78,3,1,0
BRDA:85,4,0,0
BRDA:85,4,1,0
BRDA:110,5,0,0
BRDA:110,5,1,0
BRDA:117,6,0,0
BRDA:117,6,1,0
BRDA:143,7,0,0
BRDA:143,7,1,0
BRDA:161,8,0,0
BRDA:161,8,1,0
BRDA:179,9,0,0
BRDA:179,9,1,0
BRDA:192,10,0,0
BRDA:192,10,1,0
BRDA:196,11,0,0
BRDA:196,11,1,0
BRDA:204,12,0,0
BRDA:204,12,1,0
BRDA:233,13,0,0
BRDA:233,13,1,2
BRDA:240,14,0,0
BRDA:240,14,1,0
BRDA:240,15,0,0
BRDA:240,15,1,0
BRDA:261,16,0,2
BRDA:261,16,1,0
BRDA:261,17,0,2
BRDA:261,17,1,2
BRDA:271,18,0,0
BRDA:271,18,1,0
BRDA:298,19,0,0
BRDA:298,19,1,2
BRDA:298,20,0,2
BRDA:298,20,1,0
BRDA:298,20,2,0
BRDA:309,21,0,0
BRDA:309,21,1,2
BRDA:309,22,0,2
BRDA:309,22,1,0
BRDA:309,22,2,0
BRF:48
BRH:8
end_of_record
TN:
SF:src/components/product-detail/productDetail.js
FN:10,(anonymous_0)
FN:24,(anonymous_1)
FN:28,(anonymous_2)
FN:34,(anonymous_3)
FN:40,(anonymous_4)
FN:43,(anonymous_5)
FN:49,(anonymous_6)
FN:54,(anonymous_7)
FN:66,(anonymous_8)
FN:72,(anonymous_9)
FN:108,(anonymous_10)
FNF:11
FNH:3
FNDA:1,(anonymous_0)
FNDA:0,(anonymous_1)
FNDA:0,(anonymous_2)
FNDA:0,(anonymous_3)
FNDA:1,(anonymous_4)
FNDA:0,(anonymous_5)
FNDA:0,(anonymous_6)
FNDA:0,(anonymous_7)
FNDA:0,(anonymous_8)
FNDA:1,(anonymous_9)
FNDA:0,(anonymous_10)
DA:11,1
DA:12,1
DA:18,1
DA:21,1
DA:25,0
DA:26,0
DA:29,0
DA:35,0
DA:41,1
DA:44,0
DA:50,0
DA:55,0
DA:56,0
DA:60,0
DA:67,0
DA:73,1
DA:109,0
LF:17
LH:6
BRDA:25,0,0,0
BRDA:25,0,1,0
BRDA:55,1,0,0
BRDA:55,1,1,0
BRDA:94,2,0,0
BRDA:94,2,1,1
BRDA:100,3,0,0
BRDA:100,3,1,1
BRDA:106,4,0,0
BRDA:106,4,1,1
BRDA:106,5,0,1
BRDA:106,5,1,0
BRF:12
BRH:4
end_of_record
TN:
SF:src/components/product-detail/textContainer.js
FN:12,(anonymous_0)
FN:30,(anonymous_1)
FN:34,(anonymous_2)
FN:39,(anonymous_3)
FN:45,(anonymous_4)
FN:52,(anonymous_5)
FN:58,(anonymous_6)
FN:63,(anonymous_7)
FN:73,(anonymous_8)
FN:87,(anonymous_9)
FN:115,(anonymous_10)
FN:122,(anonymous_11)
FN:168,(anonymous_12)
FN:174,(anonymous_13)
FN:199,(anonymous_14)
FN:206,(anonymous_15)
FN:207,(anonymous_16)
FN:225,(anonymous_17)
FN:238,(anonymous_18)
FN:242,(anonymous_19)
FN:255,(anonymous_20)
FN:265,(anonymous_21)
FNF:22
FNH:2
FNDA:2,(anonymous_0)
FNDA:0,(anonymous_1)
FNDA:0,(anonymous_2)
FNDA:0,(anonymous_3)
FNDA:0,(anonymous_4)
FNDA:0,(anonymous_5)
FNDA:0,(anonymous_6)
FNDA:0,(anonymous_7)
FNDA:0,(anonymous_8)
FNDA:0,(anonymous_9)
FNDA:0,(anonymous_10)
FNDA:2,(anonymous_11)
FNDA:0,(anonymous_12)
FNDA:0,(anonymous_13)
FNDA:0,(anonymous_14)
FNDA:0,(anonymous_15)
FNDA:0,(anonymous_16)
FNDA:0,(anonymous_17)
FNDA:0,(anonymous_18)
FNDA:0,(anonymous_19)
FNDA:0,(anonymous_20)
FNDA:0,(anonymous_21)
DA:13,2
DA:14,2
DA:26,2
DA:27,2
DA:31,0
DA:32,0
DA:35,0
DA:40,0
DA:46,0
DA:50,0
DA:53,0
DA:57,0
DA:59,0
DA:64,0
DA:67,0
DA:74,0
DA:75,0
DA:80,0
DA:88,0
DA:89,0
DA:92,0
DA:93,0
DA:98,0
DA:103,0
DA:107,0
DA:116,0
DA:123,2
DA:169,0
DA:174,0
DA:199,0
DA:207,0
DA:225,0
DA:239,0
DA:242,0
DA:255,0
DA:265,0
LF:36
LH:5
BRDA:31,0,0,0
BRDA:31,0,1,0
BRDA:46,1,0,0
BRDA:46,1,1,0
BRDA:47,2,0,0
BRDA:47,2,1,0
BRDA:74,3,0,0
BRDA:74,3,1,0
BRDA:88,4,0,0
BRDA:88,4,1,0
BRDA:92,5,0,0
BRDA:92,5,1,0
BRDA:103,6,0,0
BRDA:103,6,1,0
BRDA:133,7,0,0
BRDA:133,7,1,2
BRDA:136,8,0,0
BRDA:136,8,1,2
BRDA:138,9,0,0
BRDA:138,9,1,2
BRDA:140,10,0,0
BRDA:140,10,1,0
BRDA:140,11,0,0
BRDA:140,11,1,0
BRDA:156,12,0,1
BRDA:156,12,1,0
BRDA:163,13,0,0
BRDA:163,13,1,1
BRDA:167,14,0,1
BRDA:167,14,1,0
BRDA:167,15,0,1
BRDA:167,15,1,1
BRDA:176,16,0,0
BRDA:176,16,1,0
BRDA:195,17,0,0
BRDA:195,17,1,1
BRDA:196,18,0,0
BRDA:196,18,1,0
BRDA:205,19,0,0
BRDA:205,19,1,1
BRDA:222,20,0,0
BRDA:222,20,1,1
BRDA:222,21,0,1
BRDA:222,21,1,0
BRDA:224,22,0,0
BRDA:224,22,1,0
BRDA:230,23,0,0
BRDA:230,23,1,1
BRDA:230,24,0,1
BRDA:230,24,1,0
BRDA:239,25,0,0
BRDA:239,25,1,0
BRF:52
BRH:14
end_of_record
TN:
SF:src/components/questions-and-answers/addAnswerModal.js
FN:11,(anonymous_0)
FN:18,(anonymous_1)
FN:21,(anonymous_2)
FN:25,(anonymous_3)
FN:34,(anonymous_4)
FNF:5
FNH:0
FNDA:0,(anonymous_0)
FNDA:0,(anonymous_1)
FNDA:0,(anonymous_2)
FNDA:0,(anonymous_3)
FNDA:0,(anonymous_4)
DA:11,1
DA:12,0
DA:13,0
DA:14,0
DA:15,0
DA:16,0
DA:18,0
DA:19,0
DA:22,0
DA:23,0
DA:25,0
DA:28,0
DA:35,0
DA:36,0
LF:14
LH:1
BRDA:62,0,0,0
BRDA:62,0,1,0
BRDA:78,1,0,0
BRDA:78,1,1,0
BRDA:94,2,0,0
BRDA:94,2,1,0
BRF:6
BRH:0
end_of_record
TN:
SF:src/components/questions-and-answers/answer.js
FN:9,(anonymous_0)
FN:15,(anonymous_1)
FN:18,(anonymous_2)
FN:22,(anonymous_3)
FN:28,(anonymous_4)
FN:38,(anonymous_5)
FN:64,(anonymous_6)
FN:83,(anonymous_7)
FNF:8
FNH:0
FNDA:0,(anonymous_0)
FNDA:0,(anonymous_1)
FNDA:0,(anonymous_2)
FNDA:0,(anonymous_3)
FNDA:0,(anonymous_4)
FNDA:0,(anonymous_5)
FNDA:0,(anonymous_6)
FNDA:0,(anonymous_7)
DA:9,2
DA:10,0
DA:11,0
DA:12,0
DA:13,0
DA:15,0
DA:16,0
DA:19,0
DA:20,0
DA:22,0
DA:25,0
DA:29,0
DA:31,0
DA:35,0
DA:39,0
DA:65,0
DA:66,0
DA:67,0
DA:84,0
DA:85,0
DA:86,0
LF:21
LH:1
BRDA:20,0,0,0
BRDA:20,0,1,0
BRDA:31,1,0,0
BRDA:31,1,1,0
BRDA:58,2,0,0
BRDA:58,2,1,0
BRDA:77,3,0,0
BRDA:77,3,1,0
BRF:8
BRH:0
end_of_record
TN:
SF:src/components/questions-and-answers/moreQuestions.js
FN:7,(anonymous_0)
FN:19,(anonymous_1)
FNF:2
FNH:0
FNDA:0,(anonymous_0)
FNDA:0,(anonymous_1)
DA:7,1
DA:8,0
DA:9,0
DA:10,0
DA:11,0
DA:12,0
DA:14,0
DA:20,0
DA:21,0
LF:9
LH:1
BRDA:11,0,0,0
BRDA:11,0,1,0
BRDA:23,1,0,0
BRDA:23,1,1,0
BRF:4
BRH:0
end_of_record
TN:
SF:src/components/questions-and-answers/qa-atoms.js
FN:35,(anonymous_0)
FNF:1
FNH:0
FNDA:0,(anonymous_0)
DA:3,3
DA:8,3
DA:13,3
DA:18,3
DA:23,3
DA:28,3
DA:33,3
DA:36,0
DA:38,0
DA:39,0
DA:41,0
LF:11
LH:7
BRDA:38,0,0,0
BRDA:38,0,1,0
BRF:2
BRH:0
end_of_record
TN:
SF:src/components/questions-and-answers/questionDisplay.js
FN:16,(anonymous_0)
FN:24,(anonymous_1)
FN:27,(anonymous_2)
FN:28,(anonymous_3)
FN:33,(anonymous_4)
FN:39,(anonymous_5)
FN:50,(anonymous_6)
FN:71,(anonymous_7)
FN:84,(anonymous_8)
FNF:9
FNH:0
FNDA:0,(anonymous_0)
FNDA:0,(anonymous_1)
FNDA:0,(anonymous_2)
FNDA:0,(anonymous_3)
FNDA:0,(anonymous_4)
FNDA:0,(anonymous_5)
FNDA:0,(anonymous_6)
FNDA:0,(anonymous_7)
FNDA:0,(anonymous_8)
DA:16,2
DA:17,0
DA:18,0
DA:19,0
DA:20,0
DA:21,0
DA:22,0
DA:24,0
DA:25,0
DA:28,0
DA:29,0
DA:31,0
DA:33,0
DA:36,0
DA:37,0
DA:40,0
DA:41,0
DA:51,0
DA:52,0
DA:53,0
DA:69,0
DA:72,0
DA:85,0
DA:86,0
DA:87,0
LF:25
LH:1
BRDA:29,0,0,0
BRDA:29,0,1,0
BRDA:36,1,0,0
BRDA:36,1,1,0
BRDA:40,2,0,0
BRDA:40,2,1,0
BRF:6
BRH:0
end_of_record
TN:
SF:src/components/questions-and-answers/questionForm.js
FN:8,(anonymous_0)
FN:12,(anonymous_1)
FN:15,(anonymous_2)
FN:19,(anonymous_3)
FN:27,(anonymous_4)
FNF:5
FNH:0
FNDA:0,(anonymous_0)
FNDA:0,(anonymous_1)
FNDA:0,(anonymous_2)
FNDA:0,(anonymous_3)
FNDA:0,(anonymous_4)
DA:8,2
DA:9,0
DA:10,0
DA:12,0
DA:13,0
DA:16,0
DA:17,0
DA:19,0
DA:22,0
DA:28,0
DA:29,0
LF:11
LH:1
BRDA:53,0,0,0
BRDA:53,0,1,0
BRDA:68,1,0,0
BRDA:68,1,1,0
BRDA:84,2,0,0
BRDA:84,2,1,0
BRF:6
BRH:0
end_of_record
TN:
SF:src/components/questions-and-answers/questionsAndAnswers.js
FN:9,(anonymous_0)
FN:16,(anonymous_1)
FN:25,(anonymous_2)
FN:39,(anonymous_3)
FN:47,(anonymous_4)
FNF:5
FNH:0
FNDA:0,(anonymous_0)
FNDA:0,(anonymous_1)
FNDA:0,(anonymous_2)
FNDA:0,(anonymous_3)
FNDA:0,(anonymous_4)
DA:9,1
DA:10,0
DA:11,0
DA:13,0
DA:14,0
DA:16,0
DA:22,0
DA:23,0
DA:25,0
DA:32,0
DA:39,0
DA:48,0
LF:12
LH:1
BRDA:13,0,0,0
BRDA:13,0,1,0
BRDA:22,1,0,0
BRDA:22,1,1,0
BRF:4
BRH:0
end_of_record
TN:
SF:src/components/questions-and-answers/searchQuestion.js
FN:6,(anonymous_0)
FN:17,(anonymous_1)
FNF:2
FNH:0
FNDA:0,(anonymous_0)
FNDA:0,(anonymous_1)
DA:6,2
DA:7,0
DA:9,0
DA:18,0
LF:4
LH:1
BRF:0
BRH:0
end_of_record
TN:
SF:src/components/questions-and-answers/uploadPhoto.js
FN:4,(anonymous_0)
FN:13,(anonymous_1)
FN:19,(anonymous_2)
FN:35,(anonymous_3)
FNF:4
FNH:0
FNDA:0,(anonymous_0)
FNDA:0,(anonymous_1)
FNDA:0,(anonymous_2)
FNDA:0,(anonymous_3)
DA:4,1
DA:5,0
DA:6,0
DA:7,0
DA:14,0
DA:20,0
DA:21,0
DA:22,0
DA:36,0
DA:37,0
DA:38,0
DA:39,0
DA:40,0
DA:41,0
DA:42,0
LF:15
LH:1
BRDA:29,0,0,0
BRDA:29,0,1,0
BRF:2
BRH:0
end_of_record
TN:
SF:src/components/ratings-and-reviews/addReviewButton.js
FN:5,(anonymous_0)
FN:13,(anonymous_1)
FN:19,(anonymous_2)
FN:24,(anonymous_3)
FNF:4
FNH:2
FNDA:1,(anonymous_0)
FNDA:0,(anonymous_1)
FNDA:1,(anonymous_2)
FNDA:0,(anonymous_3)
DA:6,1
DA:7,1
DA:10,1
DA:14,0
DA:15,0
DA:20,1
DA:24,0
LF:7
LH:4
BRDA:28,0,0,0
BRDA:28,0,1,1
BRF:2
BRH:1
end_of_record
TN:
SF:src/components/ratings-and-reviews/characteristics.js
FN:5,(anonymous_0)
FN:16,(anonymous_1)
FN:31,(anonymous_2)
FNF:3
FNH:0
FNDA:0,(anonymous_0)
FNDA:0,(anonymous_1)
FNDA:0,(anonymous_2)
DA:5,1
DA:7,0
DA:10,0
DA:17,0
DA:32,0
LF:5
LH:1
BRDA:7,0,0,0
BRDA:7,0,1,0
BRDA:7,1,0,0
BRDA:7,1,1,0
BRDA:15,2,0,0
BRDA:15,2,1,0
BRF:6
BRH:0
end_of_record
TN:
SF:src/components/ratings-and-reviews/constants.js
FNF:0
FNH:0
DA:1,3
DA:46,3
DA:54,3
DA:55,3
LF:4
LH:4
BRF:0
BRH:0
end_of_record
TN:
SF:src/components/ratings-and-reviews/helpful.js
FN:4,(anonymous_0)
FN:7,(anonymous_1)
FN:8,asyncCall
FN:26,(anonymous_3)
FN:27,asyncCall
FN:44,(anonymous_5)
FNF:6
FNH:1
FNDA:1,(anonymous_0)
FNDA:0,(anonymous_1)
FNDA:0,asyncCall
FNDA:0,(anonymous_3)
FNDA:0,asyncCall
FNDA:0,(anonymous_5)
DA:4,4
DA:5,1
DA:7,1
DA:9,0
DA:10,0
DA:11,0
DA:12,0
DA:13,0
DA:14,0
DA:15,0
DA:17,0
DA:18,0
DA:19,0
DA:23,0
DA:26,1
DA:28,0
DA:29,0
DA:30,0
DA:31,0
DA:34,0
DA:37,1
DA:45,0
LF:22
LH:5
BRDA:11,0,0,0
BRDA:11,0,1,0
BRDA:26,1,0,0
BRDA:26,2,0,0
BRDA:30,3,0,0
BRDA:30,3,1,0
BRDA:30,4,0,0
BRDA:30,4,1,0
BRDA:40,5,0,0
BRDA:40,5,1,1
BRF:10
BRH:1
end_of_record
TN:
SF:src/components/ratings-and-reviews/moreReviewsButton.js
FN:3,(anonymous_0)
FNF:1
FNH:1
FNDA:1,(anonymous_0)
DA:3,1
DA:4,1
LF:2
LH:2
BRF:0
BRH:0
end_of_record
TN:
SF:src/components/ratings-and-reviews/newReviewModal.js
FN:10,(anonymous_0)
FN:32,(anonymous_1)
FN:70,(anonymous_2)
FN:73,(anonymous_3)
FN:79,(anonymous_4)
FN:89,(anonymous_5)
FN:97,(anonymous_6)
FN:103,(anonymous_7)
FN:109,(anonymous_8)
FN:120,(anonymous_9)
FN:143,(anonymous_10)
FN:172,(anonymous_11)
FN:181,(anonymous_12)
FN:188,(anonymous_13)
FN:194,(anonymous_14)
FN:204,(anonymous_15)
FN:233,(anonymous_16)
FN:250,(anonymous_17)
FN:271,(anonymous_18)
FN:290,(anonymous_19)
FN:312,(anonymous_20)
FN:329,(anonymous_21)
FNF:22
FNH:2
FNDA:1,(anonymous_0)
FNDA:0,(anonymous_1)
FNDA:0,(anonymous_2)
FNDA:0,(anonymous_3)
FNDA:0,(anonymous_4)
FNDA:0,(anonymous_5)
FNDA:0,(anonymous_6)
FNDA:0,(anonymous_7)
FNDA:0,(anonymous_8)
FNDA:1,(anonymous_9)
FNDA:0,(anonymous_10)
FNDA:0,(anonymous_11)
FNDA:0,(anonymous_12)
FNDA:0,(anonymous_13)
FNDA:0,(anonymous_14)
FNDA:0,(anonymous_15)
FNDA:0,(anonymous_16)
FNDA:0,(anonymous_17)
FNDA:0,(anonymous_18)
FNDA:0,(anonymous_19)
FNDA:0,(anonymous_20)
FNDA:0,(anonymous_21)
DA:11,1
DA:12,1
DA:25,1
DA:26,1
DA:27,1
DA:28,1
DA:29,1
DA:46,0
DA:48,0
DA:49,0
DA:50,0
DA:51,0
DA:53,0
DA:56,0
DA:57,0
DA:58,0
DA:71,0
DA:74,0
DA:80,0
DA:81,0
DA:82,0
DA:84,0
DA:86,0
DA:90,0
DA:91,0
DA:92,0
DA:98,0
DA:104,0
DA:105,0
DA:110,0
DA:114,0
DA:115,0
DA:121,1
DA:125,0
DA:143,0
DA:172,0
DA:181,0
DA:189,0
DA:195,0
DA:204,0
DA:233,0
DA:250,0
DA:271,0
DA:290,0
DA:312,0
DA:329,0
DA:337,1
LF:47
LH:9
BRDA:49,0,0,0
BRDA:49,0,1,0
BRDA:56,1,0,0
BRDA:56,1,1,0
BRDA:81,2,0,0
BRDA:81,2,1,0
BRDA:104,3,0,0
BRDA:104,3,1,0
BRDA:104,4,0,0
BRDA:104,4,1,0
BRDA:121,5,0,0
BRDA:121,5,1,1
BRDA:122,6,0,1
BRDA:122,6,1,0
BRDA:158,7,0,0
BRDA:158,7,1,0
BRDA:256,8,0,0
BRDA:256,8,1,0
BRDA:275,9,0,0
BRDA:275,9,1,0
BRF:20
BRH:2
end_of_record
TN:
SF:src/components/ratings-and-reviews/ratingFilters.js
FN:4,(anonymous_0)
FN:13,(anonymous_1)
FN:24,(anonymous_2)
FN:37,(anonymous_3)
FN:42,(anonymous_4)
FN:48,(anonymous_5)
FN:50,(anonymous_6)
FN:60,(anonymous_7)
FN:66,(anonymous_8)
FN:89,(anonymous_9)
FN:94,(anonymous_10)
FNF:11
FNH:2
FNDA:1,(anonymous_0)
FNDA:0,(anonymous_1)
FNDA:0,(anonymous_2)
FNDA:0,(anonymous_3)
FNDA:0,(anonymous_4)
FNDA:0,(anonymous_5)
FNDA:0,(anonymous_6)
FNDA:0,(anonymous_7)
FNDA:1,(anonymous_8)
FNDA:0,(anonymous_9)
FNDA:0,(anonymous_10)
DA:5,1
DA:6,1
DA:9,1
DA:10,1
DA:14,0
DA:15,0
DA:17,0
DA:18,0
DA:19,0
DA:21,0
DA:25,0
DA:26,0
DA:27,0
DA:29,0
DA:31,0
DA:34,0
DA:38,0
DA:43,0
DA:49,0
DA:51,0
DA:52,0
DA:53,0
DA:57,0
DA:61,0
DA:62,0
DA:63,0
DA:68,1
DA:72,1
DA:90,0
DA:94,0
LF:30
LH:6
BRDA:26,0,0,0
BRDA:26,0,1,0
BRDA:68,1,0,0
BRDA:68,1,1,1
BRDA:68,2,0,1
BRDA:68,2,1,0
BRDA:74,3,0,0
BRDA:74,3,1,1
BRDA:77,4,0,0
BRDA:77,4,1,0
BRF:10
BRH:3
end_of_record
TN:
SF:src/components/ratings-and-reviews/ratingsBreakdown.js
FN:6,(anonymous_0)
FNF:1
FNH:1
FNDA:1,(anonymous_0)
DA:6,1
DA:14,1
DA:17,1
LF:3
LH:3
BRDA:14,0,0,0
BRDA:14,0,1,1
BRDA:14,1,0,1
BRDA:14,1,1,0
BRDA:19,2,0,0
BRDA:19,2,1,1
BRDA:19,3,0,1
BRDA:19,3,1,0
BRDA:19,3,2,0
BRDA:19,3,3,0
BRDA:19,3,4,0
BRF:11
BRH:4
end_of_record
TN:
SF:src/components/ratings-and-reviews/report.js
FN:4,(anonymous_0)
FN:7,(anonymous_1)
FN:8,asyncCall
FN:26,(anonymous_3)
FN:27,asyncCall
FN:44,(anonymous_5)
FNF:6
FNH:1
FNDA:1,(anonymous_0)
FNDA:0,(anonymous_1)
FNDA:0,asyncCall
FNDA:0,(anonymous_3)
FNDA:0,asyncCall
FNDA:0,(anonymous_5)
DA:4,4
DA:5,1
DA:7,1
DA:9,0
DA:10,0
DA:11,0
DA:12,0
DA:13,0
DA:14,0
DA:15,0
DA:17,0
DA:18,0
DA:19,0
DA:23,0
DA:26,1
DA:28,0
DA:29,0
DA:30,0
DA:31,0
DA:34,0
DA:37,1
DA:45,0
LF:22
LH:5
BRDA:11,0,0,0
BRDA:11,0,1,0
BRDA:26,1,0,0
BRDA:26,2,0,0
BRDA:30,3,0,0
BRDA:30,3,1,0
BRDA:30,4,0,0
BRDA:30,4,1,0
BRDA:40,5,0,0
BRDA:40,5,1,1
BRF:10
BRH:1
end_of_record
TN:
SF:src/components/ratings-and-reviews/reviewTile.js
FN:10,(anonymous_0)
FN:20,(anonymous_1)
FN:27,(anonymous_2)
FN:42,(anonymous_3)
FN:83,(anonymous_4)
FNF:5
FNH:2
FNDA:1,(anonymous_0)
FNDA:0,(anonymous_1)
FNDA:0,(anonymous_2)
FNDA:1,(anonymous_3)
FNDA:0,(anonymous_4)
DA:11,1
DA:12,1
DA:16,1
DA:17,1
DA:21,0
DA:22,0
DA:28,0
DA:29,0
DA:30,0
DA:35,0
DA:43,1
DA:46,1
DA:84,0
LF:13
LH:6
BRDA:29,0,0,0
BRDA:29,0,1,0
BRDA:43,1,0,0
BRDA:43,1,1,1
BRDA:48,2,0,0
BRDA:48,2,1,1
BRDA:56,3,0,0
BRDA:56,3,1,0
BRDA:62,4,0,0
BRDA:62,4,1,0
BRDA:63,5,0,0
BRDA:63,5,1,0
BRDA:106,6,0,0
BRDA:106,6,1,0
BRDA:112,7,0,0
BRDA:112,7,1,0
BRF:16
BRH:2
end_of_record
TN:
SF:src/components/ratings-and-reviews/sortBy.js
FN:4,(anonymous_0)
FN:12,(anonymous_1)
FN:17,(anonymous_2)
FN:26,(anonymous_3)
FN:32,(anonymous_4)
FNF:5
FNH:2
FNDA:1,(anonymous_0)
FNDA:0,(anonymous_1)
FNDA:0,(anonymous_2)
FNDA:1,(anonymous_3)
FNDA:0,(anonymous_4)
DA:5,1
DA:6,1
DA:9,1
DA:13,0
DA:18,0
DA:27,1
DA:32,0
LF:7
LH:4
BRF:0
BRH:0
end_of_record
TN:
SF:src/components/ratings-and-reviews/stars.js
FN:5,(anonymous_0)
FN:12,(anonymous_1)
FN:18,(anonymous_2)
FN:27,(anonymous_3)
FNF:4
FNH:2
FNDA:3,(anonymous_0)
FNDA:0,(anonymous_1)
FNDA:3,(anonymous_2)
FNDA:0,(anonymous_3)
DA:6,3
DA:7,3
DA:13,0
DA:14,0
DA:19,3
DA:20,0
DA:27,0
DA:33,3
LF:8
LH:4
BRDA:19,0,0,0
BRDA:19,0,1,3
BRF:2
BRH:1
end_of_record
TN:
SF:src/components/ratings-and-reviews/uploadPhotos.js
FN:5,(anonymous_0)
FN:13,(anonymous_1)
FN:23,(anonymous_2)
FN:27,(anonymous_3)
FN:34,(anonymous_4)
FN:48,(anonymous_5)
FN:74,(anonymous_6)
FNF:7
FNH:3
FNDA:1,(anonymous_0)
FNDA:0,(anonymous_1)
FNDA:0,(anonymous_2)
FNDA:1,(anonymous_3)
FNDA:0,(anonymous_4)
FNDA:5,(anonymous_5)
FNDA:0,(anonymous_6)
DA:6,1
DA:7,1
DA:10,1
DA:14,0
DA:15,0
DA:16,0
DA:24,0
DA:28,1
DA:34,0
DA:49,5
DA:74,0
LF:11
LH:5
BRDA:49,0,0,0
BRDA:49,0,1,5
BRF:2
BRH:1
end_of_record
TN:
SF:src/components/related-items-creation/cardActionButton.js
FN:7,(anonymous_0)
FN:20,(anonymous_1)
FN:27,(anonymous_2)
FN:32,(anonymous_3)
FN:77,(anonymous_4)
FN:87,(anonymous_5)
FNF:6
FNH:0
FNDA:0,(anonymous_0)
FNDA:0,(anonymous_1)
FNDA:0,(anonymous_2)
FNDA:0,(anonymous_3)
FNDA:0,(anonymous_4)
FNDA:0,(anonymous_5)
DA:8,0
DA:9,0
DA:16,0
DA:17,0
DA:21,0
DA:23,0
DA:28,0
DA:29,0
DA:34,0
DA:35,0
DA:36,0
DA:45,0
DA:47,0
DA:48,0
DA:50,0
DA:52,0
DA:53,0
DA:55,0
DA:57,0
DA:58,0
DA:60,0
DA:62,0
DA:63,0
DA:65,0
DA:67,0
DA:68,0
DA:70,0
DA:72,0
DA:73,0
DA:75,0
DA:76,0
DA:77,0
DA:78,0
DA:84,0
DA:88,0
LF:35
LH:0
BRDA:21,0,0,0
BRDA:21,0,1,0
BRDA:47,1,0,0
BRDA:47,1,1,0
BRDA:52,2,0,0
BRDA:52,2,1,0
BRDA:62,3,0,0
BRDA:62,3,1,0
BRDA:67,4,0,0
BRDA:67,4,1,0
BRF:10
BRH:0
end_of_record
TN:
SF:src/components/related-items-creation/cardStars.js
FN:5,CardStars
FNF:1
FNH:0
FNDA:0,CardStars
DA:6,0
LF:1
LH:0
BRF:0
BRH:0
end_of_record
TN:
SF:src/components/related-items-creation/productCard.js
FN:12,(anonymous_0)
FN:29,(anonymous_1)
FN:46,(anonymous_2)
FN:52,(anonymous_3)
FN:53,(anonymous_4)
FN:58,(anonymous_5)
FN:63,(anonymous_6)
FN:70,(anonymous_7)
FN:74,(anonymous_8)
FN:79,(anonymous_9)
FN:87,(anonymous_10)
FN:93,(anonymous_11)
FN:97,(anonymous_12)
FN:102,(anonymous_13)
FN:110,(anonymous_14)
FN:130,(anonymous_15)
FN:136,(anonymous_16)
FN:153,(anonymous_17)
FNF:18
FNH:2
FNDA:1,(anonymous_0)
FNDA:0,(anonymous_1)
FNDA:0,(anonymous_2)
FNDA:0,(anonymous_3)
FNDA:0,(anonymous_4)
FNDA:0,(anonymous_5)
FNDA:0,(anonymous_6)
FNDA:0,(anonymous_7)
FNDA:0,(anonymous_8)
FNDA:0,(anonymous_9)
FNDA:0,(anonymous_10)
FNDA:0,(anonymous_11)
FNDA:0,(anonymous_12)
FNDA:0,(anonymous_13)
FNDA:1,(anonymous_14)
FNDA:0,(anonymous_15)
FNDA:0,(anonymous_16)
FNDA:0,(anonymous_17)
DA:13,1
DA:14,1
DA:24,1
DA:25,1
DA:26,1
DA:30,0
DA:34,0
DA:40,0
DA:41,0
DA:42,0
DA:47,0
DA:48,0
DA:49,0
DA:52,0
DA:54,0
DA:58,0
DA:59,0
DA:64,0
DA:65,0
DA:66,0
DA:71,0
DA:75,0
DA:79,0
DA:80,0
DA:88,0
DA:89,0
DA:90,0
DA:93,0
DA:98,0
DA:102,0
DA:103,0
DA:111,1
DA:112,1
DA:113,1
DA:114,1
DA:115,0
DA:131,0
DA:137,0
DA:154,0
DA:217,1
LF:40
LH:10
BRDA:30,0,0,0
BRDA:30,0,1,0
BRDA:71,1,0,0
BRDA:71,1,1,0
BRDA:114,2,0,0
BRDA:114,2,1,1
BRDA:114,3,0,1
BRDA:114,3,1,0
BRDA:114,3,2,0
BRDA:165,4,0,0
BRDA:165,4,1,0
BRDA:172,5,0,0
BRDA:172,5,1,0
BRDA:192,6,0,0
BRDA:192,6,1,0
BRF:15
BRH:2
end_of_record
TN:
SF:src/components/related-items-creation/productCompareModal.js
FN:11,(anonymous_0)
FN:16,(anonymous_1)
FN:22,(anonymous_2)
FN:48,(anonymous_3)
FN:67,(anonymous_4)
FN:76,(anonymous_5)
FNF:6
FNH:0
FNDA:0,(anonymous_0)
FNDA:0,(anonymous_1)
FNDA:0,(anonymous_2)
FNDA:0,(anonymous_3)
FNDA:0,(anonymous_4)
FNDA:0,(anonymous_5)
DA:12,0
DA:13,0
DA:17,0
DA:18,0
DA:23,0
DA:24,0
DA:49,0
DA:52,0
DA:58,0
DA:68,0
DA:77,0
DA:80,0
DA:86,0
DA:108,0
LF:14
LH:0
BRDA:17,0,0,0
BRDA:17,0,1,0
BRDA:23,1,0,0
BRDA:23,1,1,0
BRDA:49,2,0,0
BRDA:49,2,1,0
BRDA:77,3,0,0
BRDA:77,3,1,0
BRF:8
BRH:0
end_of_record
TN:
SF:src/components/related-items-creation/relatedItems.js
FN:7,(anonymous_0)
FN:23,(anonymous_1)
FN:32,(anonymous_2)
FN:35,(anonymous_3)
FN:40,(anonymous_4)
FN:45,(anonymous_5)
FN:50,(anonymous_6)
FN:56,(anonymous_7)
FN:62,(anonymous_8)
FN:68,(anonymous_9)
FN:71,(anonymous_10)
FN:76,(anonymous_11)
FN:82,(anonymous_12)
FN:88,(anonymous_13)
FN:91,(anonymous_14)
FN:96,(anonymous_15)
FN:102,(anonymous_16)
FN:109,(anonymous_17)
FN:114,(anonymous_18)
FN:119,(anonymous_19)
FNF:20
FNH:2
FNDA:1,(anonymous_0)
FNDA:0,(anonymous_1)
FNDA:0,(anonymous_2)
FNDA:0,(anonymous_3)
FNDA:0,(anonymous_4)
FNDA:0,(anonymous_5)
FNDA:0,(anonymous_6)
FNDA:0,(anonymous_7)
FNDA:0,(anonymous_8)
FNDA:0,(anonymous_9)
FNDA:0,(anonymous_10)
FNDA:0,(anonymous_11)
FNDA:0,(anonymous_12)
FNDA:0,(anonymous_13)
FNDA:0,(anonymous_14)
FNDA:0,(anonymous_15)
FNDA:0,(anonymous_16)
FNDA:0,(anonymous_17)
FNDA:0,(anonymous_18)
FNDA:1,(anonymous_19)
DA:8,1
DA:9,1
DA:16,1
DA:17,1
DA:18,1
DA:19,1
DA:20,1
DA:24,0
DA:28,0
DA:33,0
DA:36,0
DA:41,0
DA:42,0
DA:43,0
DA:46,0
DA:51,0
DA:52,0
DA:53,0
DA:57,0
DA:58,0
DA:59,0
DA:63,0
DA:67,0
DA:69,0
DA:72,0
DA:77,0
DA:78,0
DA:79,0
DA:83,0
DA:87,0
DA:89,0
DA:92,0
DA:97,0
DA:98,0
DA:99,0
DA:103,0
DA:104,0
DA:108,0
DA:110,0
DA:115,0
DA:120,1
LF:41
LH:8
BRDA:24,0,0,0
BRDA:24,0,1,0
BRF:2
BRH:0
end_of_record
TN:
SF:src/components/related-items-creation/yourOutfit.js
FN:13,(anonymous_0)
FN:36,(anonymous_1)
FN:40,(anonymous_2)
FN:48,(anonymous_3)
FN:69,(anonymous_4)
FN:79,(anonymous_5)
FN:89,(anonymous_6)
FN:96,(anonymous_7)
FN:104,(anonymous_8)
FN:112,(anonymous_9)
FN:118,(anonymous_10)
FN:123,(anonymous_11)
FN:130,(anonymous_12)
FN:138,(anonymous_13)
FN:144,(anonymous_14)
FN:149,(anonymous_15)
FN:155,(anonymous_16)
FN:159,(anonymous_17)
FN:162,(anonymous_18)
FN:167,(anonymous_19)
FN:176,(anonymous_20)
FN:196,(anonymous_21)
FN:202,(anonymous_22)
FN:212,(anonymous_23)
FN:219,(anonymous_24)
FN:287,(anonymous_25)
FNF:26
FNH:0
FNDA:0,(anonymous_0)
FNDA:0,(anonymous_1)
FNDA:0,(anonymous_2)
FNDA:0,(anonymous_3)
FNDA:0,(anonymous_4)
FNDA:0,(anonymous_5)
FNDA:0,(anonymous_6)
FNDA:0,(anonymous_7)
FNDA:0,(anonymous_8)
FNDA:0,(anonymous_9)
FNDA:0,(anonymous_10)
FNDA:0,(anonymous_11)
FNDA:0,(anonymous_12)
FNDA:0,(anonymous_13)
FNDA:0,(anonymous_14)
FNDA:0,(anonymous_15)
FNDA:0,(anonymous_16)
FNDA:0,(anonymous_17)
FNDA:0,(anonymous_18)
FNDA:0,(anonymous_19)
FNDA:0,(anonymous_20)
FNDA:0,(anonymous_21)
FNDA:0,(anonymous_22)
FNDA:0,(anonymous_23)
FNDA:0,(anonymous_24)
FNDA:0,(anonymous_25)
DA:14,0
DA:15,0
DA:26,0
DA:27,0
DA:28,0
DA:29,0
DA:30,0
DA:31,0
DA:32,0
DA:33,0
DA:37,0
DA:41,0
DA:49,0
DA:50,0
DA:51,0
DA:52,0
DA:53,0
DA:55,0
DA:58,0
DA:62,0
DA:63,0
DA:64,0
DA:65,0
DA:70,0
DA:71,0
DA:72,0
DA:73,0
DA:74,0
DA:75,0
DA:80,0
DA:81,0
DA:82,0
DA:83,0
DA:84,0
DA:85,0
DA:86,0
DA:90,0
DA:91,0
DA:92,0
DA:93,0
DA:97,0
DA:98,0
DA:99,0
DA:100,0
DA:105,0
DA:111,0
DA:113,0
DA:119,0
DA:124,0
DA:125,0
DA:126,0
DA:127,0
DA:130,0
DA:137,0
DA:139,0
DA:145,0
DA:150,0
DA:151,0
DA:152,0
DA:155,0
DA:158,0
DA:160,0
DA:163,0
DA:168,0
DA:169,0
DA:170,0
DA:171,0
DA:172,0
DA:177,0
DA:197,0
DA:203,0
DA:213,0
DA:220,0
DA:284,0
DA:288,0
LF:75
LH:0
BRDA:51,0,0,0
BRDA:51,0,1,0
BRDA:62,1,0,0
BRDA:62,1,1,0
BRDA:72,2,0,0
BRDA:72,2,1,0
BRDA:105,3,0,0
BRDA:105,3,1,0
BRDA:171,4,0,0
BRDA:171,4,1,0
BRDA:171,5,0,0
BRDA:171,5,1,0
BRDA:171,5,2,0
BRDA:231,6,0,0
BRDA:231,6,1,0
BRDA:238,7,0,0
BRDA:238,7,1,0
BRDA:258,8,0,0
BRDA:258,8,1,0
BRF:19
BRH:0
end_of_record
